<?xml version="1.0" encoding="UTF-8"?>
<testsuite name="com.kovospace.paster.item.v2.integration.FileItemControllerAddTest" tests="14" skipped="0" failures="0" errors="0" timestamp="2022-12-11T13:51:09" hostname="kovo-flex5" time="20.533">
  <properties/>
  <testcase name="initiateUploadTest()" classname="com.kovospace.paster.item.v2.integration.FileItemControllerAddTest" time="0.265"/>
  <testcase name="initiateUploadFileExtensionMissingTest()" classname="com.kovospace.paster.item.v2.integration.FileItemControllerAddTest" time="0.293"/>
  <testcase name="initiateUploadChunksCountMissingTest()" classname="com.kovospace.paster.item.v2.integration.FileItemControllerAddTest" time="0.258"/>
  <testcase name="initiateUploadChunkSizeMissingTest()" classname="com.kovospace.paster.item.v2.integration.FileItemControllerAddTest" time="0.247"/>
  <testcase name="initiateUploadCustomValuesTest()" classname="com.kovospace.paster.item.v2.integration.FileItemControllerAddTest" time="0.262"/>
  <testcase name="initiateUploadFilenameMissingTest()" classname="com.kovospace.paster.item.v2.integration.FileItemControllerAddTest" time="0.249"/>
  <testcase name="initiateUploadMimeTypeMissingTest()" classname="com.kovospace.paster.item.v2.integration.FileItemControllerAddTest" time="0.246"/>
  <testcase name="uploadOneChunkTest()" classname="com.kovospace.paster.item.v2.integration.FileItemControllerAddTest" time="0.288"/>
  <testcase name="uploadMoreChunksTest()" classname="com.kovospace.paster.item.v2.integration.FileItemControllerAddTest" time="0.322"/>
  <testcase name="uploadChunkMissingFileNameTest()" classname="com.kovospace.paster.item.v2.integration.FileItemControllerAddTest" time="0.274"/>
  <testcase name="uploadChunkMissingMimeTypeTest()" classname="com.kovospace.paster.item.v2.integration.FileItemControllerAddTest" time="0.282"/>
  <testcase name="uploadChunkMissingDataTest()" classname="com.kovospace.paster.item.v2.integration.FileItemControllerAddTest" time="0.28"/>
  <testcase name="uploadChunkMissingItemIDTest()" classname="com.kovospace.paster.item.v2.integration.FileItemControllerAddTest" time="0.277"/>
  <testcase name="uploadChunkMissingFileIDTest()" classname="com.kovospace.paster.item.v2.integration.FileItemControllerAddTest" time="0.271"/>
  <system-out><![CDATA[2022-12-11 14:51:07.990  INFO 52453 --- [    Test worker] .b.t.c.SpringBootTestContextBootstrapper : Neither @ContextConfiguration nor @ContextHierarchy found for test class [com.kovospace.paster.item.v2.integration.FileItemControllerAddTest], using SpringBootContextLoader
2022-12-11 14:51:07.991  INFO 52453 --- [    Test worker] o.s.t.c.support.AbstractContextLoader    : Could not detect default resource locations for test class [com.kovospace.paster.item.v2.integration.FileItemControllerAddTest]: no resource found for suffixes {-context.xml, Context.groovy}.
2022-12-11 14:51:07.991  INFO 52453 --- [    Test worker] t.c.s.AnnotationConfigContextLoaderUtils : Could not detect default configuration classes for test class [com.kovospace.paster.item.v2.integration.FileItemControllerAddTest]: FileItemControllerAddTest does not declare any static, non-private, non-final, nested classes annotated with @Configuration.
2022-12-11 14:51:07.993  INFO 52453 --- [    Test worker] .b.t.c.SpringBootTestContextBootstrapper : Found @SpringBootConfiguration com.kovospace.paster.PasterApplication for test class com.kovospace.paster.item.v2.integration.FileItemControllerAddTest
2022-12-11 14:51:07.994  INFO 52453 --- [    Test worker] .b.t.c.SpringBootTestContextBootstrapper : Loaded default TestExecutionListener class names from location [META-INF/spring.factories]: [org.springframework.security.test.context.support.WithSecurityContextTestExecutionListener, org.springframework.security.test.context.support.ReactorContextTestExecutionListener, org.springframework.boot.test.autoconfigure.restdocs.RestDocsTestExecutionListener, org.springframework.boot.test.autoconfigure.web.client.MockRestServiceServerResetTestExecutionListener, org.springframework.boot.test.autoconfigure.web.servlet.MockMvcPrintOnlyOnFailureTestExecutionListener, org.springframework.boot.test.autoconfigure.web.servlet.WebDriverTestExecutionListener, org.springframework.boot.test.autoconfigure.webservices.client.MockWebServiceServerTestExecutionListener, org.springframework.boot.test.mock.mockito.MockitoTestExecutionListener, org.springframework.boot.test.mock.mockito.ResetMocksTestExecutionListener, org.springframework.test.context.web.ServletTestExecutionListener, org.springframework.test.context.support.DirtiesContextBeforeModesTestExecutionListener, org.springframework.test.context.event.ApplicationEventsTestExecutionListener, org.springframework.test.context.support.DependencyInjectionTestExecutionListener, org.springframework.test.context.support.DirtiesContextTestExecutionListener, org.springframework.test.context.transaction.TransactionalTestExecutionListener, org.springframework.test.context.jdbc.SqlScriptsTestExecutionListener, org.springframework.test.context.event.EventPublishingTestExecutionListener]
2022-12-11 14:51:07.995  INFO 52453 --- [    Test worker] .b.t.c.SpringBootTestContextBootstrapper : Using TestExecutionListeners: [org.springframework.test.context.web.ServletTestExecutionListener@46632dc9, org.springframework.test.context.support.DirtiesContextBeforeModesTestExecutionListener@3c382029, org.springframework.test.context.event.ApplicationEventsTestExecutionListener@272b94ce, org.springframework.boot.test.mock.mockito.MockitoTestExecutionListener@66e28f3d, org.springframework.boot.test.autoconfigure.SpringBootDependencyInjectionTestExecutionListener@39b0fb4d, org.springframework.test.context.support.DirtiesContextTestExecutionListener@44f4bd3a, org.springframework.test.context.transaction.TransactionalTestExecutionListener@3f82cc8e, org.springframework.test.context.jdbc.SqlScriptsTestExecutionListener@4deb3724, org.springframework.security.test.context.support.WithSecurityContextTestExecutionListener@73bfd747, org.springframework.test.context.event.EventPublishingTestExecutionListener@12c3b967, org.springframework.security.test.context.support.ReactorContextTestExecutionListener@3b0cf10d, org.springframework.boot.test.autoconfigure.restdocs.RestDocsTestExecutionListener@2fcaa35f, org.springframework.boot.test.autoconfigure.web.client.MockRestServiceServerResetTestExecutionListener@22c24c0e, org.springframework.boot.test.autoconfigure.web.servlet.MockMvcPrintOnlyOnFailureTestExecutionListener@2d45c1b0, org.springframework.boot.test.autoconfigure.web.servlet.WebDriverTestExecutionListener@711dc98c, org.springframework.boot.test.autoconfigure.webservices.client.MockWebServiceServerTestExecutionListener@bb74cab, org.springframework.boot.test.mock.mockito.ResetMocksTestExecutionListener@3b25d3ef]

  .   ____          _            __ _ _
 /\\ / ___'_ __ _ _(_)_ __  __ _ \ \ \ \
( ( )\___ | '_ | '_| | '_ \/ _` | \ \ \ \
 \\/  ___)| |_)| | | | | || (_| |  ) ) ) )
  '  |____| .__|_| |_|_| |_\__, | / / / /
 =========|_|==============|___/=/_/_/_/
 :: Spring Boot ::                (v2.5.4)

2022-12-11 14:51:08.016  INFO 52453 --- [    Test worker] c.k.p.i.v.i.FileItemControllerAddTest    : Starting FileItemControllerAddTest using Java 14.0.2 on kovo-flex5 with PID 52453 (started by matej in /home/matej/Dokumenty/PROJEKTY GitHub/paster-backend)
2022-12-11 14:51:08.017  INFO 52453 --- [    Test worker] c.k.p.i.v.i.FileItemControllerAddTest    : No active profile set, falling back to default profiles: default
2022-12-11 14:51:08.169  INFO 52453 --- [    Test worker] .s.d.r.c.RepositoryConfigurationDelegate : Bootstrapping Spring Data JPA repositories in DEFAULT mode.
2022-12-11 14:51:08.194  INFO 52453 --- [    Test worker] .s.d.r.c.RepositoryConfigurationDelegate : Finished Spring Data repository scanning in 24 ms. Found 5 JPA repository interfaces.
2022-12-11 14:51:08.230  INFO 52453 --- [    Test worker] beddedDataSourceBeanFactoryPostProcessor : Replacing 'dataSource' DataSource bean with embedded version
2022-12-11 14:51:08.346  INFO 52453 --- [    Test worker] o.s.b.w.embedded.tomcat.TomcatWebServer  : Tomcat initialized with port(s): 0 (http)
2022-12-11 14:51:08.347  INFO 52453 --- [    Test worker] o.apache.catalina.core.StandardService   : Starting service [Tomcat]
2022-12-11 14:51:08.347  INFO 52453 --- [    Test worker] org.apache.catalina.core.StandardEngine  : Starting Servlet engine: [Apache Tomcat/9.0.52]
2022-12-11 14:51:08.359  INFO 52453 --- [    Test worker] o.a.c.c.C.[Tomcat-1].[localhost].[/]     : Initializing Spring embedded WebApplicationContext
2022-12-11 14:51:08.359  INFO 52453 --- [    Test worker] w.s.c.ServletWebServerApplicationContext : Root WebApplicationContext: initialization completed in 340 ms
2022-12-11 14:51:08.399  INFO 52453 --- [    Test worker] o.s.j.d.e.EmbeddedDatabaseFactory        : Starting embedded database: url='jdbc:h2:mem:b7ed3a90-19af-4e69-b652-627e88ff2150;DB_CLOSE_DELAY=-1;DB_CLOSE_ON_EXIT=false', username='sa'
2022-12-11 14:51:08.448  INFO 52453 --- [    Test worker] o.hibernate.jpa.internal.util.LogHelper  : HHH000204: Processing PersistenceUnitInfo [name: default]
2022-12-11 14:51:08.455  INFO 52453 --- [    Test worker] org.hibernate.dialect.Dialect            : HHH000400: Using dialect: org.hibernate.dialect.H2Dialect
2022-12-11 14:51:08.513  INFO 52453 --- [    Test worker] o.h.e.t.j.p.i.JtaPlatformInitiator       : HHH000490: Using JtaPlatform implementation: [org.hibernate.engine.transaction.jta.platform.internal.NoJtaPlatform]
2022-12-11 14:51:08.513  INFO 52453 --- [    Test worker] j.LocalContainerEntityManagerFactoryBean : Initialized JPA EntityManagerFactory for persistence unit 'default'
2022-12-11 14:51:08.669  WARN 52453 --- [    Test worker] JpaBaseConfiguration$JpaWebConfiguration : spring.jpa.open-in-view is enabled by default. Therefore, database queries may be performed during view rendering. Explicitly configure spring.jpa.open-in-view to disable this warning
2022-12-11 14:51:08.775  INFO 52453 --- [    Test worker] f.a.AutowiredAnnotationBeanPostProcessor : Autowired annotation is not supported on static fields: private static long com.kovospace.paster.item.mappings.dtoConversions.v2.ItemToFileItemUploadResponseDTOConversion.DEFAULT_CHUNK_SIZE
2022-12-11 14:51:08.826  INFO 52453 --- [    Test worker] .s.s.UserDetailsServiceAutoConfiguration : 

Using generated security password: a97a2195-7b3d-4b0c-87e1-8157f7b69133

2022-12-11 14:51:09.012  INFO 52453 --- [    Test worker] o.s.s.web.DefaultSecurityFilterChain     : Will secure any request with [org.springframework.security.web.context.request.async.WebAsyncManagerIntegrationFilter@72c03ba7, org.springframework.security.web.context.SecurityContextPersistenceFilter@3dc2703e, org.springframework.security.web.header.HeaderWriterFilter@149c1b52, com.kovospace.paster.base.filters.SimpleCorsFilter@6737be8f, org.springframework.web.filter.CorsFilter@6095e68e, org.springframework.security.web.authentication.logout.LogoutFilter@39ede32e, org.springframework.security.web.savedrequest.RequestCacheAwareFilter@6c741d5c, org.springframework.security.web.servletapi.SecurityContextHolderAwareRequestFilter@18c6dd0b, org.springframework.security.web.authentication.AnonymousAuthenticationFilter@70a6db69, org.springframework.security.web.session.SessionManagementFilter@13e38556, org.springframework.security.web.access.ExceptionTranslationFilter@184925c7, org.springframework.security.web.access.intercept.FilterSecurityInterceptor@4f18ab08]
2022-12-11 14:51:09.021  INFO 52453 --- [    Test worker] o.s.s.web.DefaultSecurityFilterChain     : Will secure any request with [org.springframework.security.web.context.request.async.WebAsyncManagerIntegrationFilter@11807487, org.springframework.security.web.context.SecurityContextPersistenceFilter@1aa6c491, org.springframework.security.web.header.HeaderWriterFilter@3b594e8, org.springframework.security.web.csrf.CsrfFilter@d7af68, org.springframework.security.web.authentication.logout.LogoutFilter@2eb7c5a8, com.kovospace.paster.base.filters.ApiKeyAuthFilter@79c1ab4f, org.springframework.security.web.savedrequest.RequestCacheAwareFilter@3697e31e, org.springframework.security.web.servletapi.SecurityContextHolderAwareRequestFilter@19aa33f0, org.springframework.security.web.authentication.AnonymousAuthenticationFilter@517cd3d, org.springframework.security.web.session.SessionManagementFilter@273783f0, org.springframework.security.web.access.ExceptionTranslationFilter@19d6a962, org.springframework.security.web.access.intercept.FilterSecurityInterceptor@18332339]
2022-12-11 14:51:09.022  INFO 52453 --- [    Test worker] o.s.s.web.DefaultSecurityFilterChain     : Will secure any request with [org.springframework.security.web.context.request.async.WebAsyncManagerIntegrationFilter@2c1c871e, org.springframework.security.web.context.SecurityContextPersistenceFilter@372b9d7a, org.springframework.security.web.header.HeaderWriterFilter@26e55a50, org.springframework.security.web.csrf.CsrfFilter@79ce79c6, org.springframework.security.web.authentication.logout.LogoutFilter@783e5054, com.kovospace.paster.base.filters.JwtAuthFilter@2457139f, org.springframework.security.web.savedrequest.RequestCacheAwareFilter@2c265306, org.springframework.security.web.servletapi.SecurityContextHolderAwareRequestFilter@209dbb08, org.springframework.security.web.authentication.AnonymousAuthenticationFilter@49eeda16, org.springframework.security.web.session.SessionManagementFilter@3d21c351, org.springframework.security.web.access.ExceptionTranslationFilter@1c20f6d7, org.springframework.security.web.access.intercept.FilterSecurityInterceptor@327c5ebe]
2022-12-11 14:51:09.260  INFO 52453 --- [    Test worker] o.a.c.c.C.[Tomcat-1].[localhost].[/]     : Initializing Spring TestDispatcherServlet ''
2022-12-11 14:51:09.260  INFO 52453 --- [    Test worker] o.s.t.web.servlet.TestDispatcherServlet  : Initializing Servlet ''
2022-12-11 14:51:09.261  INFO 52453 --- [    Test worker] o.s.t.web.servlet.TestDispatcherServlet  : Completed initialization in 1 ms
2022-12-11 14:51:09.278  INFO 52453 --- [    Test worker] o.s.b.w.embedded.tomcat.TomcatWebServer  : Tomcat started on port(s): 45121 (http) with context path ''
2022-12-11 14:51:09.282  INFO 52453 --- [    Test worker] c.k.p.i.v.i.FileItemControllerAddTest    : Started FileItemControllerAddTest in 1.284 seconds (JVM running for 89.953)
cors filter called
localeeeeeeee
API key filter called
http://localhost/api/v2/board/file
API key filter - ipAddress: 127.0.0.1
API key filter - continue filterChain
JWT token filter called
cors filter called
localeeeeeeee
API key filter called
http://localhost/api/v2/board/item/1
API key filter - ipAddress: 127.0.0.1
API key filter - continue filterChain
JWT token filter called
2022-12-11 14:51:09.551  INFO 52453 --- [    Test worker] j.LocalContainerEntityManagerFactoryBean : Closing JPA EntityManagerFactory for persistence unit 'default'
2022-12-11 14:51:09.551  INFO 52453 --- [    Test worker] .SchemaDropperImpl$DelayedDropActionImpl : HHH000477: Starting delayed evictData of schema as part of SessionFactory shut-down'

  .   ____          _            __ _ _
 /\\ / ___'_ __ _ _(_)_ __  __ _ \ \ \ \
( ( )\___ | '_ | '_| | '_ \/ _` | \ \ \ \
 \\/  ___)| |_)| | | | | || (_| |  ) ) ) )
  '  |____| .__|_| |_|_| |_\__, | / / / /
 =========|_|==============|___/=/_/_/_/
 :: Spring Boot ::                (v2.5.4)

2022-12-11 14:51:09.574  INFO 52453 --- [    Test worker] c.k.p.i.v.i.FileItemControllerAddTest    : Starting FileItemControllerAddTest using Java 14.0.2 on kovo-flex5 with PID 52453 (started by matej in /home/matej/Dokumenty/PROJEKTY GitHub/paster-backend)
2022-12-11 14:51:09.575  INFO 52453 --- [    Test worker] c.k.p.i.v.i.FileItemControllerAddTest    : No active profile set, falling back to default profiles: default
2022-12-11 14:51:09.726  INFO 52453 --- [    Test worker] .s.d.r.c.RepositoryConfigurationDelegate : Bootstrapping Spring Data JPA repositories in DEFAULT mode.
2022-12-11 14:51:09.751  INFO 52453 --- [    Test worker] .s.d.r.c.RepositoryConfigurationDelegate : Finished Spring Data repository scanning in 24 ms. Found 5 JPA repository interfaces.
2022-12-11 14:51:09.778  INFO 52453 --- [    Test worker] beddedDataSourceBeanFactoryPostProcessor : Replacing 'dataSource' DataSource bean with embedded version
2022-12-11 14:51:09.901  INFO 52453 --- [    Test worker] o.s.b.w.embedded.tomcat.TomcatWebServer  : Tomcat initialized with port(s): 0 (http)
2022-12-11 14:51:09.902  INFO 52453 --- [    Test worker] o.apache.catalina.core.StandardService   : Starting service [Tomcat]
2022-12-11 14:51:09.902  INFO 52453 --- [    Test worker] org.apache.catalina.core.StandardEngine  : Starting Servlet engine: [Apache Tomcat/9.0.52]
2022-12-11 14:51:09.914  INFO 52453 --- [    Test worker] o.a.c.c.C.[Tomcat-1].[localhost].[/]     : Initializing Spring embedded WebApplicationContext
2022-12-11 14:51:09.914  INFO 52453 --- [    Test worker] w.s.c.ServletWebServerApplicationContext : Root WebApplicationContext: initialization completed in 337 ms
2022-12-11 14:51:09.955  INFO 52453 --- [    Test worker] o.s.j.d.e.EmbeddedDatabaseFactory        : Starting embedded database: url='jdbc:h2:mem:cec38c49-613e-43c6-acea-e04cfbc0bfaf;DB_CLOSE_DELAY=-1;DB_CLOSE_ON_EXIT=false', username='sa'
2022-12-11 14:51:10.015  INFO 52453 --- [    Test worker] o.hibernate.jpa.internal.util.LogHelper  : HHH000204: Processing PersistenceUnitInfo [name: default]
2022-12-11 14:51:10.021  INFO 52453 --- [    Test worker] org.hibernate.dialect.Dialect            : HHH000400: Using dialect: org.hibernate.dialect.H2Dialect
2022-12-11 14:51:10.078  INFO 52453 --- [    Test worker] o.h.e.t.j.p.i.JtaPlatformInitiator       : HHH000490: Using JtaPlatform implementation: [org.hibernate.engine.transaction.jta.platform.internal.NoJtaPlatform]
2022-12-11 14:51:10.079  INFO 52453 --- [    Test worker] j.LocalContainerEntityManagerFactoryBean : Initialized JPA EntityManagerFactory for persistence unit 'default'
2022-12-11 14:51:10.238  WARN 52453 --- [    Test worker] JpaBaseConfiguration$JpaWebConfiguration : spring.jpa.open-in-view is enabled by default. Therefore, database queries may be performed during view rendering. Explicitly configure spring.jpa.open-in-view to disable this warning
2022-12-11 14:51:10.342  INFO 52453 --- [    Test worker] f.a.AutowiredAnnotationBeanPostProcessor : Autowired annotation is not supported on static fields: private static long com.kovospace.paster.item.mappings.dtoConversions.v2.ItemToFileItemUploadResponseDTOConversion.DEFAULT_CHUNK_SIZE
2022-12-11 14:51:10.393  INFO 52453 --- [    Test worker] .s.s.UserDetailsServiceAutoConfiguration : 

Using generated security password: 4528e51a-4ae2-4637-8bea-03dbdae86d4e

2022-12-11 14:51:10.571  INFO 52453 --- [    Test worker] o.s.s.web.DefaultSecurityFilterChain     : Will secure any request with [org.springframework.security.web.context.request.async.WebAsyncManagerIntegrationFilter@5851ad81, org.springframework.security.web.context.SecurityContextPersistenceFilter@66f3855d, org.springframework.security.web.header.HeaderWriterFilter@284e2f00, com.kovospace.paster.base.filters.SimpleCorsFilter@465e37be, org.springframework.web.filter.CorsFilter@65407b98, org.springframework.security.web.authentication.logout.LogoutFilter@5cb5a7a3, org.springframework.security.web.savedrequest.RequestCacheAwareFilter@5b87c99d, org.springframework.security.web.servletapi.SecurityContextHolderAwareRequestFilter@268cbc2, org.springframework.security.web.authentication.AnonymousAuthenticationFilter@50faa0d8, org.springframework.security.web.session.SessionManagementFilter@46ec46c8, org.springframework.security.web.access.ExceptionTranslationFilter@14453197, org.springframework.security.web.access.intercept.FilterSecurityInterceptor@2b800c5d]
2022-12-11 14:51:10.579  INFO 52453 --- [    Test worker] o.s.s.web.DefaultSecurityFilterChain     : Will secure any request with [org.springframework.security.web.context.request.async.WebAsyncManagerIntegrationFilter@49aacae2, org.springframework.security.web.context.SecurityContextPersistenceFilter@1586ec37, org.springframework.security.web.header.HeaderWriterFilter@5c1bc56b, org.springframework.security.web.csrf.CsrfFilter@4dd88c78, org.springframework.security.web.authentication.logout.LogoutFilter@56439e01, com.kovospace.paster.base.filters.ApiKeyAuthFilter@4d595e86, org.springframework.security.web.savedrequest.RequestCacheAwareFilter@4a78cef7, org.springframework.security.web.servletapi.SecurityContextHolderAwareRequestFilter@484a7a4e, org.springframework.security.web.authentication.AnonymousAuthenticationFilter@33fac7c4, org.springframework.security.web.session.SessionManagementFilter@1c340885, org.springframework.security.web.access.ExceptionTranslationFilter@2b6e99e1, org.springframework.security.web.access.intercept.FilterSecurityInterceptor@13917d80]
2022-12-11 14:51:10.581  INFO 52453 --- [    Test worker] o.s.s.web.DefaultSecurityFilterChain     : Will secure any request with [org.springframework.security.web.context.request.async.WebAsyncManagerIntegrationFilter@61943bd1, org.springframework.security.web.context.SecurityContextPersistenceFilter@74df16d2, org.springframework.security.web.header.HeaderWriterFilter@18463f18, org.springframework.security.web.csrf.CsrfFilter@285e9f6c, org.springframework.security.web.authentication.logout.LogoutFilter@64c50875, com.kovospace.paster.base.filters.JwtAuthFilter@9f01851, org.springframework.security.web.savedrequest.RequestCacheAwareFilter@5b4133d4, org.springframework.security.web.servletapi.SecurityContextHolderAwareRequestFilter@72d6695b, org.springframework.security.web.authentication.AnonymousAuthenticationFilter@268dce5, org.springframework.security.web.session.SessionManagementFilter@28265945, org.springframework.security.web.access.ExceptionTranslationFilter@26213217, org.springframework.security.web.access.intercept.FilterSecurityInterceptor@3a5098f8]
2022-12-11 14:51:10.832  INFO 52453 --- [    Test worker] o.a.c.c.C.[Tomcat-1].[localhost].[/]     : Initializing Spring TestDispatcherServlet ''
2022-12-11 14:51:10.832  INFO 52453 --- [    Test worker] o.s.t.web.servlet.TestDispatcherServlet  : Initializing Servlet ''
2022-12-11 14:51:10.832  INFO 52453 --- [    Test worker] o.s.t.web.servlet.TestDispatcherServlet  : Completed initialization in 0 ms
2022-12-11 14:51:10.849  INFO 52453 --- [    Test worker] o.s.b.w.embedded.tomcat.TomcatWebServer  : Tomcat started on port(s): 40721 (http) with context path ''
2022-12-11 14:51:10.853  INFO 52453 --- [    Test worker] c.k.p.i.v.i.FileItemControllerAddTest    : Started FileItemControllerAddTest in 1.298 seconds (JVM running for 91.524)
cors filter called
localeeeeeeee
API key filter called
http://localhost/api/v2/board/file
API key filter - ipAddress: 127.0.0.1
API key filter - continue filterChain
JWT token filter called
cors filter called
localeeeeeeee
API key filter called
http://localhost/api/v2/board/item/1
API key filter - ipAddress: 127.0.0.1
API key filter - continue filterChain
JWT token filter called
2022-12-11 14:51:11.150  INFO 52453 --- [    Test worker] j.LocalContainerEntityManagerFactoryBean : Closing JPA EntityManagerFactory for persistence unit 'default'
2022-12-11 14:51:11.150  INFO 52453 --- [    Test worker] .SchemaDropperImpl$DelayedDropActionImpl : HHH000477: Starting delayed evictData of schema as part of SessionFactory shut-down'

  .   ____          _            __ _ _
 /\\ / ___'_ __ _ _(_)_ __  __ _ \ \ \ \
( ( )\___ | '_ | '_| | '_ \/ _` | \ \ \ \
 \\/  ___)| |_)| | | | | || (_| |  ) ) ) )
  '  |____| .__|_| |_|_| |_\__, | / / / /
 =========|_|==============|___/=/_/_/_/
 :: Spring Boot ::                (v2.5.4)

2022-12-11 14:51:11.178  INFO 52453 --- [    Test worker] c.k.p.i.v.i.FileItemControllerAddTest    : Starting FileItemControllerAddTest using Java 14.0.2 on kovo-flex5 with PID 52453 (started by matej in /home/matej/Dokumenty/PROJEKTY GitHub/paster-backend)
2022-12-11 14:51:11.179  INFO 52453 --- [    Test worker] c.k.p.i.v.i.FileItemControllerAddTest    : No active profile set, falling back to default profiles: default
2022-12-11 14:51:11.332  INFO 52453 --- [    Test worker] .s.d.r.c.RepositoryConfigurationDelegate : Bootstrapping Spring Data JPA repositories in DEFAULT mode.
2022-12-11 14:51:11.357  INFO 52453 --- [    Test worker] .s.d.r.c.RepositoryConfigurationDelegate : Finished Spring Data repository scanning in 24 ms. Found 5 JPA repository interfaces.
2022-12-11 14:51:11.382  INFO 52453 --- [    Test worker] beddedDataSourceBeanFactoryPostProcessor : Replacing 'dataSource' DataSource bean with embedded version
2022-12-11 14:51:11.499  INFO 52453 --- [    Test worker] o.s.b.w.embedded.tomcat.TomcatWebServer  : Tomcat initialized with port(s): 0 (http)
2022-12-11 14:51:11.500  INFO 52453 --- [    Test worker] o.apache.catalina.core.StandardService   : Starting service [Tomcat]
2022-12-11 14:51:11.500  INFO 52453 --- [    Test worker] org.apache.catalina.core.StandardEngine  : Starting Servlet engine: [Apache Tomcat/9.0.52]
2022-12-11 14:51:11.517  INFO 52453 --- [    Test worker] o.a.c.c.C.[Tomcat-1].[localhost].[/]     : Initializing Spring embedded WebApplicationContext
2022-12-11 14:51:11.518  INFO 52453 --- [    Test worker] w.s.c.ServletWebServerApplicationContext : Root WebApplicationContext: initialization completed in 337 ms
2022-12-11 14:51:11.557  INFO 52453 --- [    Test worker] o.s.j.d.e.EmbeddedDatabaseFactory        : Starting embedded database: url='jdbc:h2:mem:dd80a201-7312-4fa2-bde1-23f4b5080bc2;DB_CLOSE_DELAY=-1;DB_CLOSE_ON_EXIT=false', username='sa'
2022-12-11 14:51:11.607  INFO 52453 --- [    Test worker] o.hibernate.jpa.internal.util.LogHelper  : HHH000204: Processing PersistenceUnitInfo [name: default]
2022-12-11 14:51:11.614  INFO 52453 --- [    Test worker] org.hibernate.dialect.Dialect            : HHH000400: Using dialect: org.hibernate.dialect.H2Dialect
2022-12-11 14:51:11.670  INFO 52453 --- [    Test worker] o.h.e.t.j.p.i.JtaPlatformInitiator       : HHH000490: Using JtaPlatform implementation: [org.hibernate.engine.transaction.jta.platform.internal.NoJtaPlatform]
2022-12-11 14:51:11.670  INFO 52453 --- [    Test worker] j.LocalContainerEntityManagerFactoryBean : Initialized JPA EntityManagerFactory for persistence unit 'default'
2022-12-11 14:51:11.836  WARN 52453 --- [    Test worker] JpaBaseConfiguration$JpaWebConfiguration : spring.jpa.open-in-view is enabled by default. Therefore, database queries may be performed during view rendering. Explicitly configure spring.jpa.open-in-view to disable this warning
2022-12-11 14:51:11.938  INFO 52453 --- [    Test worker] f.a.AutowiredAnnotationBeanPostProcessor : Autowired annotation is not supported on static fields: private static long com.kovospace.paster.item.mappings.dtoConversions.v2.ItemToFileItemUploadResponseDTOConversion.DEFAULT_CHUNK_SIZE
2022-12-11 14:51:11.989  INFO 52453 --- [    Test worker] .s.s.UserDetailsServiceAutoConfiguration : 

Using generated security password: 096a7a59-e55a-474a-a0ef-fb9319055ad0

2022-12-11 14:51:12.164  INFO 52453 --- [    Test worker] o.s.s.web.DefaultSecurityFilterChain     : Will secure any request with [org.springframework.security.web.context.request.async.WebAsyncManagerIntegrationFilter@5fe748e1, org.springframework.security.web.context.SecurityContextPersistenceFilter@5f3009ad, org.springframework.security.web.header.HeaderWriterFilter@e7d91fb, com.kovospace.paster.base.filters.SimpleCorsFilter@6241181d, org.springframework.web.filter.CorsFilter@39b2feba, org.springframework.security.web.authentication.logout.LogoutFilter@45af4048, org.springframework.security.web.savedrequest.RequestCacheAwareFilter@1982e68b, org.springframework.security.web.servletapi.SecurityContextHolderAwareRequestFilter@7b125e09, org.springframework.security.web.authentication.AnonymousAuthenticationFilter@6da8d276, org.springframework.security.web.session.SessionManagementFilter@5fc804e, org.springframework.security.web.access.ExceptionTranslationFilter@72768040, org.springframework.security.web.access.intercept.FilterSecurityInterceptor@153c0b54]
2022-12-11 14:51:12.172  INFO 52453 --- [    Test worker] o.s.s.web.DefaultSecurityFilterChain     : Will secure any request with [org.springframework.security.web.context.request.async.WebAsyncManagerIntegrationFilter@223601b5, org.springframework.security.web.context.SecurityContextPersistenceFilter@1b37b2c2, org.springframework.security.web.header.HeaderWriterFilter@3215c7af, org.springframework.security.web.csrf.CsrfFilter@7807d4d7, org.springframework.security.web.authentication.logout.LogoutFilter@2b0d930e, com.kovospace.paster.base.filters.ApiKeyAuthFilter@4c7a7ca4, org.springframework.security.web.savedrequest.RequestCacheAwareFilter@4f960ff6, org.springframework.security.web.servletapi.SecurityContextHolderAwareRequestFilter@53a29114, org.springframework.security.web.authentication.AnonymousAuthenticationFilter@31f836c5, org.springframework.security.web.session.SessionManagementFilter@5dd074c3, org.springframework.security.web.access.ExceptionTranslationFilter@38ed8319, org.springframework.security.web.access.intercept.FilterSecurityInterceptor@769ba19]
2022-12-11 14:51:12.173  INFO 52453 --- [    Test worker] o.s.s.web.DefaultSecurityFilterChain     : Will secure any request with [org.springframework.security.web.context.request.async.WebAsyncManagerIntegrationFilter@712f45b1, org.springframework.security.web.context.SecurityContextPersistenceFilter@8b78752, org.springframework.security.web.header.HeaderWriterFilter@aa39e45, org.springframework.security.web.csrf.CsrfFilter@5e2996eb, org.springframework.security.web.authentication.logout.LogoutFilter@2a1a8851, com.kovospace.paster.base.filters.JwtAuthFilter@19087404, org.springframework.security.web.savedrequest.RequestCacheAwareFilter@4cbaaa0f, org.springframework.security.web.servletapi.SecurityContextHolderAwareRequestFilter@5afd446b, org.springframework.security.web.authentication.AnonymousAuthenticationFilter@6886e3ff, org.springframework.security.web.session.SessionManagementFilter@1abbc420, org.springframework.security.web.access.ExceptionTranslationFilter@44e0152e, org.springframework.security.web.access.intercept.FilterSecurityInterceptor@5a267960]
2022-12-11 14:51:12.410  INFO 52453 --- [    Test worker] o.a.c.c.C.[Tomcat-1].[localhost].[/]     : Initializing Spring TestDispatcherServlet ''
2022-12-11 14:51:12.410  INFO 52453 --- [    Test worker] o.s.t.web.servlet.TestDispatcherServlet  : Initializing Servlet ''
2022-12-11 14:51:12.411  INFO 52453 --- [    Test worker] o.s.t.web.servlet.TestDispatcherServlet  : Completed initialization in 1 ms
2022-12-11 14:51:12.428  INFO 52453 --- [    Test worker] o.s.b.w.embedded.tomcat.TomcatWebServer  : Tomcat started on port(s): 43719 (http) with context path ''
2022-12-11 14:51:12.431  INFO 52453 --- [    Test worker] c.k.p.i.v.i.FileItemControllerAddTest    : Started FileItemControllerAddTest in 1.273 seconds (JVM running for 93.102)
cors filter called
localeeeeeeee
API key filter called
http://localhost/api/v2/board/file
API key filter - ipAddress: 127.0.0.1
API key filter - continue filterChain
JWT token filter called
cors filter called
localeeeeeeee
API key filter called
http://localhost/api/v2/board/item/1
API key filter - ipAddress: 127.0.0.1
API key filter - continue filterChain
JWT token filter called
2022-12-11 14:51:12.693  INFO 52453 --- [    Test worker] j.LocalContainerEntityManagerFactoryBean : Closing JPA EntityManagerFactory for persistence unit 'default'
2022-12-11 14:51:12.693  INFO 52453 --- [    Test worker] .SchemaDropperImpl$DelayedDropActionImpl : HHH000477: Starting delayed evictData of schema as part of SessionFactory shut-down'

  .   ____          _            __ _ _
 /\\ / ___'_ __ _ _(_)_ __  __ _ \ \ \ \
( ( )\___ | '_ | '_| | '_ \/ _` | \ \ \ \
 \\/  ___)| |_)| | | | | || (_| |  ) ) ) )
  '  |____| .__|_| |_|_| |_\__, | / / / /
 =========|_|==============|___/=/_/_/_/
 :: Spring Boot ::                (v2.5.4)

2022-12-11 14:51:12.715  INFO 52453 --- [    Test worker] c.k.p.i.v.i.FileItemControllerAddTest    : Starting FileItemControllerAddTest using Java 14.0.2 on kovo-flex5 with PID 52453 (started by matej in /home/matej/Dokumenty/PROJEKTY GitHub/paster-backend)
2022-12-11 14:51:12.716  INFO 52453 --- [    Test worker] c.k.p.i.v.i.FileItemControllerAddTest    : No active profile set, falling back to default profiles: default
2022-12-11 14:51:12.864  INFO 52453 --- [    Test worker] .s.d.r.c.RepositoryConfigurationDelegate : Bootstrapping Spring Data JPA repositories in DEFAULT mode.
2022-12-11 14:51:12.889  INFO 52453 --- [    Test worker] .s.d.r.c.RepositoryConfigurationDelegate : Finished Spring Data repository scanning in 24 ms. Found 5 JPA repository interfaces.
2022-12-11 14:51:12.914  INFO 52453 --- [    Test worker] beddedDataSourceBeanFactoryPostProcessor : Replacing 'dataSource' DataSource bean with embedded version
2022-12-11 14:51:13.032  INFO 52453 --- [    Test worker] o.s.b.w.embedded.tomcat.TomcatWebServer  : Tomcat initialized with port(s): 0 (http)
2022-12-11 14:51:13.033  INFO 52453 --- [    Test worker] o.apache.catalina.core.StandardService   : Starting service [Tomcat]
2022-12-11 14:51:13.033  INFO 52453 --- [    Test worker] org.apache.catalina.core.StandardEngine  : Starting Servlet engine: [Apache Tomcat/9.0.52]
2022-12-11 14:51:13.045  INFO 52453 --- [    Test worker] o.a.c.c.C.[Tomcat-1].[localhost].[/]     : Initializing Spring embedded WebApplicationContext
2022-12-11 14:51:13.045  INFO 52453 --- [    Test worker] w.s.c.ServletWebServerApplicationContext : Root WebApplicationContext: initialization completed in 327 ms
2022-12-11 14:51:13.085  INFO 52453 --- [    Test worker] o.s.j.d.e.EmbeddedDatabaseFactory        : Starting embedded database: url='jdbc:h2:mem:607556ba-5aa5-4057-9f0f-fbefc9472422;DB_CLOSE_DELAY=-1;DB_CLOSE_ON_EXIT=false', username='sa'
2022-12-11 14:51:13.135  INFO 52453 --- [    Test worker] o.hibernate.jpa.internal.util.LogHelper  : HHH000204: Processing PersistenceUnitInfo [name: default]
2022-12-11 14:51:13.141  INFO 52453 --- [    Test worker] org.hibernate.dialect.Dialect            : HHH000400: Using dialect: org.hibernate.dialect.H2Dialect
2022-12-11 14:51:13.195  INFO 52453 --- [    Test worker] o.h.e.t.j.p.i.JtaPlatformInitiator       : HHH000490: Using JtaPlatform implementation: [org.hibernate.engine.transaction.jta.platform.internal.NoJtaPlatform]
2022-12-11 14:51:13.196  INFO 52453 --- [    Test worker] j.LocalContainerEntityManagerFactoryBean : Initialized JPA EntityManagerFactory for persistence unit 'default'
2022-12-11 14:51:13.353  WARN 52453 --- [    Test worker] JpaBaseConfiguration$JpaWebConfiguration : spring.jpa.open-in-view is enabled by default. Therefore, database queries may be performed during view rendering. Explicitly configure spring.jpa.open-in-view to disable this warning
2022-12-11 14:51:13.470  INFO 52453 --- [    Test worker] f.a.AutowiredAnnotationBeanPostProcessor : Autowired annotation is not supported on static fields: private static long com.kovospace.paster.item.mappings.dtoConversions.v2.ItemToFileItemUploadResponseDTOConversion.DEFAULT_CHUNK_SIZE
2022-12-11 14:51:13.520  INFO 52453 --- [    Test worker] .s.s.UserDetailsServiceAutoConfiguration : 

Using generated security password: 1c4084fd-98a4-4f4e-a05a-6c237c0461a8

2022-12-11 14:51:13.694  INFO 52453 --- [    Test worker] o.s.s.web.DefaultSecurityFilterChain     : Will secure any request with [org.springframework.security.web.context.request.async.WebAsyncManagerIntegrationFilter@31ffbbc0, org.springframework.security.web.context.SecurityContextPersistenceFilter@645adda7, org.springframework.security.web.header.HeaderWriterFilter@262df549, com.kovospace.paster.base.filters.SimpleCorsFilter@364da85d, org.springframework.web.filter.CorsFilter@5c0773c9, org.springframework.security.web.authentication.logout.LogoutFilter@460771d1, org.springframework.security.web.savedrequest.RequestCacheAwareFilter@2ed6f15f, org.springframework.security.web.servletapi.SecurityContextHolderAwareRequestFilter@6718de71, org.springframework.security.web.authentication.AnonymousAuthenticationFilter@cb2885c, org.springframework.security.web.session.SessionManagementFilter@617e5ee7, org.springframework.security.web.access.ExceptionTranslationFilter@7c36ce15, org.springframework.security.web.access.intercept.FilterSecurityInterceptor@7e241178]
2022-12-11 14:51:13.702  INFO 52453 --- [    Test worker] o.s.s.web.DefaultSecurityFilterChain     : Will secure any request with [org.springframework.security.web.context.request.async.WebAsyncManagerIntegrationFilter@785159b5, org.springframework.security.web.context.SecurityContextPersistenceFilter@1df8946e, org.springframework.security.web.header.HeaderWriterFilter@41f4bc64, org.springframework.security.web.csrf.CsrfFilter@61b85169, org.springframework.security.web.authentication.logout.LogoutFilter@19cdb1de, com.kovospace.paster.base.filters.ApiKeyAuthFilter@6f63bdfb, org.springframework.security.web.savedrequest.RequestCacheAwareFilter@5f610649, org.springframework.security.web.servletapi.SecurityContextHolderAwareRequestFilter@3b12865d, org.springframework.security.web.authentication.AnonymousAuthenticationFilter@3aac16d1, org.springframework.security.web.session.SessionManagementFilter@3ee8b9c3, org.springframework.security.web.access.ExceptionTranslationFilter@2c0ddad2, org.springframework.security.web.access.intercept.FilterSecurityInterceptor@2e01e2c7]
2022-12-11 14:51:13.703  INFO 52453 --- [    Test worker] o.s.s.web.DefaultSecurityFilterChain     : Will secure any request with [org.springframework.security.web.context.request.async.WebAsyncManagerIntegrationFilter@3af2a6f6, org.springframework.security.web.context.SecurityContextPersistenceFilter@74d9100c, org.springframework.security.web.header.HeaderWriterFilter@2a02cee6, org.springframework.security.web.csrf.CsrfFilter@3dff6663, org.springframework.security.web.authentication.logout.LogoutFilter@710a9dcb, com.kovospace.paster.base.filters.JwtAuthFilter@2ac0713e, org.springframework.security.web.savedrequest.RequestCacheAwareFilter@5e783cbc, org.springframework.security.web.servletapi.SecurityContextHolderAwareRequestFilter@6231ac6b, org.springframework.security.web.authentication.AnonymousAuthenticationFilter@3bc173e3, org.springframework.security.web.session.SessionManagementFilter@3253a45b, org.springframework.security.web.access.ExceptionTranslationFilter@33c33902, org.springframework.security.web.access.intercept.FilterSecurityInterceptor@33992e42]
2022-12-11 14:51:13.940  INFO 52453 --- [    Test worker] o.a.c.c.C.[Tomcat-1].[localhost].[/]     : Initializing Spring TestDispatcherServlet ''
2022-12-11 14:51:13.940  INFO 52453 --- [    Test worker] o.s.t.web.servlet.TestDispatcherServlet  : Initializing Servlet ''
2022-12-11 14:51:13.941  INFO 52453 --- [    Test worker] o.s.t.web.servlet.TestDispatcherServlet  : Completed initialization in 1 ms
2022-12-11 14:51:13.958  INFO 52453 --- [    Test worker] o.s.b.w.embedded.tomcat.TomcatWebServer  : Tomcat started on port(s): 46585 (http) with context path ''
2022-12-11 14:51:13.961  INFO 52453 --- [    Test worker] c.k.p.i.v.i.FileItemControllerAddTest    : Started FileItemControllerAddTest in 1.264 seconds (JVM running for 94.633)
cors filter called
localeeeeeeee
API key filter called
http://localhost/api/v2/board/file
API key filter - ipAddress: 127.0.0.1
API key filter - continue filterChain
JWT token filter called
cors filter called
localeeeeeeee
API key filter called
http://localhost/api/v2/board/item/1
API key filter - ipAddress: 127.0.0.1
API key filter - continue filterChain
JWT token filter called
2022-12-11 14:51:14.213  INFO 52453 --- [    Test worker] j.LocalContainerEntityManagerFactoryBean : Closing JPA EntityManagerFactory for persistence unit 'default'
2022-12-11 14:51:14.213  INFO 52453 --- [    Test worker] .SchemaDropperImpl$DelayedDropActionImpl : HHH000477: Starting delayed evictData of schema as part of SessionFactory shut-down'

  .   ____          _            __ _ _
 /\\ / ___'_ __ _ _(_)_ __  __ _ \ \ \ \
( ( )\___ | '_ | '_| | '_ \/ _` | \ \ \ \
 \\/  ___)| |_)| | | | | || (_| |  ) ) ) )
  '  |____| .__|_| |_|_| |_\__, | / / / /
 =========|_|==============|___/=/_/_/_/
 :: Spring Boot ::                (v2.5.4)

2022-12-11 14:51:14.235  INFO 52453 --- [    Test worker] c.k.p.i.v.i.FileItemControllerAddTest    : Starting FileItemControllerAddTest using Java 14.0.2 on kovo-flex5 with PID 52453 (started by matej in /home/matej/Dokumenty/PROJEKTY GitHub/paster-backend)
2022-12-11 14:51:14.236  INFO 52453 --- [    Test worker] c.k.p.i.v.i.FileItemControllerAddTest    : No active profile set, falling back to default profiles: default
2022-12-11 14:51:14.393  INFO 52453 --- [    Test worker] .s.d.r.c.RepositoryConfigurationDelegate : Bootstrapping Spring Data JPA repositories in DEFAULT mode.
2022-12-11 14:51:14.418  INFO 52453 --- [    Test worker] .s.d.r.c.RepositoryConfigurationDelegate : Finished Spring Data repository scanning in 24 ms. Found 5 JPA repository interfaces.
2022-12-11 14:51:14.443  INFO 52453 --- [    Test worker] beddedDataSourceBeanFactoryPostProcessor : Replacing 'dataSource' DataSource bean with embedded version
2022-12-11 14:51:14.561  INFO 52453 --- [    Test worker] o.s.b.w.embedded.tomcat.TomcatWebServer  : Tomcat initialized with port(s): 0 (http)
2022-12-11 14:51:14.562  INFO 52453 --- [    Test worker] o.apache.catalina.core.StandardService   : Starting service [Tomcat]
2022-12-11 14:51:14.562  INFO 52453 --- [    Test worker] org.apache.catalina.core.StandardEngine  : Starting Servlet engine: [Apache Tomcat/9.0.52]
2022-12-11 14:51:14.574  INFO 52453 --- [    Test worker] o.a.c.c.C.[Tomcat-1].[localhost].[/]     : Initializing Spring embedded WebApplicationContext
2022-12-11 14:51:14.574  INFO 52453 --- [    Test worker] w.s.c.ServletWebServerApplicationContext : Root WebApplicationContext: initialization completed in 336 ms
2022-12-11 14:51:14.614  INFO 52453 --- [    Test worker] o.s.j.d.e.EmbeddedDatabaseFactory        : Starting embedded database: url='jdbc:h2:mem:ea5740e6-5a97-459e-aed1-e16482e9a4b0;DB_CLOSE_DELAY=-1;DB_CLOSE_ON_EXIT=false', username='sa'
2022-12-11 14:51:14.663  INFO 52453 --- [    Test worker] o.hibernate.jpa.internal.util.LogHelper  : HHH000204: Processing PersistenceUnitInfo [name: default]
2022-12-11 14:51:14.669  INFO 52453 --- [    Test worker] org.hibernate.dialect.Dialect            : HHH000400: Using dialect: org.hibernate.dialect.H2Dialect
2022-12-11 14:51:14.725  INFO 52453 --- [    Test worker] o.h.e.t.j.p.i.JtaPlatformInitiator       : HHH000490: Using JtaPlatform implementation: [org.hibernate.engine.transaction.jta.platform.internal.NoJtaPlatform]
2022-12-11 14:51:14.725  INFO 52453 --- [    Test worker] j.LocalContainerEntityManagerFactoryBean : Initialized JPA EntityManagerFactory for persistence unit 'default'
2022-12-11 14:51:14.882  WARN 52453 --- [    Test worker] JpaBaseConfiguration$JpaWebConfiguration : spring.jpa.open-in-view is enabled by default. Therefore, database queries may be performed during view rendering. Explicitly configure spring.jpa.open-in-view to disable this warning
2022-12-11 14:51:14.988  INFO 52453 --- [    Test worker] f.a.AutowiredAnnotationBeanPostProcessor : Autowired annotation is not supported on static fields: private static long com.kovospace.paster.item.mappings.dtoConversions.v2.ItemToFileItemUploadResponseDTOConversion.DEFAULT_CHUNK_SIZE
2022-12-11 14:51:15.041  INFO 52453 --- [    Test worker] .s.s.UserDetailsServiceAutoConfiguration : 

Using generated security password: 4add52ef-6534-4139-81d3-5271f3d2e2e4

2022-12-11 14:51:15.227  INFO 52453 --- [    Test worker] o.s.s.web.DefaultSecurityFilterChain     : Will secure any request with [org.springframework.security.web.context.request.async.WebAsyncManagerIntegrationFilter@5d10905, org.springframework.security.web.context.SecurityContextPersistenceFilter@1a1f6084, org.springframework.security.web.header.HeaderWriterFilter@40dd8aab, com.kovospace.paster.base.filters.SimpleCorsFilter@a752324, org.springframework.web.filter.CorsFilter@775cd981, org.springframework.security.web.authentication.logout.LogoutFilter@60196445, org.springframework.security.web.savedrequest.RequestCacheAwareFilter@13efa94e, org.springframework.security.web.servletapi.SecurityContextHolderAwareRequestFilter@3fcbe14a, org.springframework.security.web.authentication.AnonymousAuthenticationFilter@7adb7933, org.springframework.security.web.session.SessionManagementFilter@58acc751, org.springframework.security.web.access.ExceptionTranslationFilter@2a6473aa, org.springframework.security.web.access.intercept.FilterSecurityInterceptor@3dc822ee]
2022-12-11 14:51:15.235  INFO 52453 --- [    Test worker] o.s.s.web.DefaultSecurityFilterChain     : Will secure any request with [org.springframework.security.web.context.request.async.WebAsyncManagerIntegrationFilter@1f798716, org.springframework.security.web.context.SecurityContextPersistenceFilter@2d2c79fd, org.springframework.security.web.header.HeaderWriterFilter@13a5482a, org.springframework.security.web.csrf.CsrfFilter@3b5ee39d, org.springframework.security.web.authentication.logout.LogoutFilter@182cc8ce, com.kovospace.paster.base.filters.ApiKeyAuthFilter@72563e49, org.springframework.security.web.savedrequest.RequestCacheAwareFilter@1f6cdf60, org.springframework.security.web.servletapi.SecurityContextHolderAwareRequestFilter@263130bf, org.springframework.security.web.authentication.AnonymousAuthenticationFilter@c2f9913, org.springframework.security.web.session.SessionManagementFilter@61223c4f, org.springframework.security.web.access.ExceptionTranslationFilter@7a391969, org.springframework.security.web.access.intercept.FilterSecurityInterceptor@1eb86f51]
2022-12-11 14:51:15.237  INFO 52453 --- [    Test worker] o.s.s.web.DefaultSecurityFilterChain     : Will secure any request with [org.springframework.security.web.context.request.async.WebAsyncManagerIntegrationFilter@5f3a5e4a, org.springframework.security.web.context.SecurityContextPersistenceFilter@5259bdc1, org.springframework.security.web.header.HeaderWriterFilter@1d7803ac, org.springframework.security.web.csrf.CsrfFilter@39a9c0db, org.springframework.security.web.authentication.logout.LogoutFilter@1b26a74d, com.kovospace.paster.base.filters.JwtAuthFilter@1a032cb4, org.springframework.security.web.savedrequest.RequestCacheAwareFilter@74efd2fc, org.springframework.security.web.servletapi.SecurityContextHolderAwareRequestFilter@29d7caae, org.springframework.security.web.authentication.AnonymousAuthenticationFilter@1549857d, org.springframework.security.web.session.SessionManagementFilter@25810eb2, org.springframework.security.web.access.ExceptionTranslationFilter@65786d03, org.springframework.security.web.access.intercept.FilterSecurityInterceptor@8b13c4f]
2022-12-11 14:51:15.475  INFO 52453 --- [    Test worker] o.a.c.c.C.[Tomcat-1].[localhost].[/]     : Initializing Spring TestDispatcherServlet ''
2022-12-11 14:51:15.475  INFO 52453 --- [    Test worker] o.s.t.web.servlet.TestDispatcherServlet  : Initializing Servlet ''
2022-12-11 14:51:15.475  INFO 52453 --- [    Test worker] o.s.t.web.servlet.TestDispatcherServlet  : Completed initialization in 0 ms
2022-12-11 14:51:15.493  INFO 52453 --- [    Test worker] o.s.b.w.embedded.tomcat.TomcatWebServer  : Tomcat started on port(s): 44613 (http) with context path ''
2022-12-11 14:51:15.496  INFO 52453 --- [    Test worker] c.k.p.i.v.i.FileItemControllerAddTest    : Started FileItemControllerAddTest in 1.279 seconds (JVM running for 96.168)
cors filter called
localeeeeeeee
API key filter called
http://localhost/api/v2/board/file
API key filter - ipAddress: 127.0.0.1
API key filter - continue filterChain
JWT token filter called
cors filter called
localeeeeeeee
API key filter called
http://localhost/api/v2/board/item/1
API key filter - ipAddress: 127.0.0.1
API key filter - continue filterChain
JWT token filter called
2022-12-11 14:51:15.762  INFO 52453 --- [    Test worker] j.LocalContainerEntityManagerFactoryBean : Closing JPA EntityManagerFactory for persistence unit 'default'
2022-12-11 14:51:15.762  INFO 52453 --- [    Test worker] .SchemaDropperImpl$DelayedDropActionImpl : HHH000477: Starting delayed evictData of schema as part of SessionFactory shut-down'

  .   ____          _            __ _ _
 /\\ / ___'_ __ _ _(_)_ __  __ _ \ \ \ \
( ( )\___ | '_ | '_| | '_ \/ _` | \ \ \ \
 \\/  ___)| |_)| | | | | || (_| |  ) ) ) )
  '  |____| .__|_| |_|_| |_\__, | / / / /
 =========|_|==============|___/=/_/_/_/
 :: Spring Boot ::                (v2.5.4)

2022-12-11 14:51:15.785  INFO 52453 --- [    Test worker] c.k.p.i.v.i.FileItemControllerAddTest    : Starting FileItemControllerAddTest using Java 14.0.2 on kovo-flex5 with PID 52453 (started by matej in /home/matej/Dokumenty/PROJEKTY GitHub/paster-backend)
2022-12-11 14:51:15.786  INFO 52453 --- [    Test worker] c.k.p.i.v.i.FileItemControllerAddTest    : No active profile set, falling back to default profiles: default
2022-12-11 14:51:15.934  INFO 52453 --- [    Test worker] .s.d.r.c.RepositoryConfigurationDelegate : Bootstrapping Spring Data JPA repositories in DEFAULT mode.
2022-12-11 14:51:15.959  INFO 52453 --- [    Test worker] .s.d.r.c.RepositoryConfigurationDelegate : Finished Spring Data repository scanning in 24 ms. Found 5 JPA repository interfaces.
2022-12-11 14:51:15.984  INFO 52453 --- [    Test worker] beddedDataSourceBeanFactoryPostProcessor : Replacing 'dataSource' DataSource bean with embedded version
2022-12-11 14:51:16.111  INFO 52453 --- [    Test worker] o.s.b.w.embedded.tomcat.TomcatWebServer  : Tomcat initialized with port(s): 0 (http)
2022-12-11 14:51:16.112  INFO 52453 --- [    Test worker] o.apache.catalina.core.StandardService   : Starting service [Tomcat]
2022-12-11 14:51:16.112  INFO 52453 --- [    Test worker] org.apache.catalina.core.StandardEngine  : Starting Servlet engine: [Apache Tomcat/9.0.52]
2022-12-11 14:51:16.124  INFO 52453 --- [    Test worker] o.a.c.c.C.[Tomcat-1].[localhost].[/]     : Initializing Spring embedded WebApplicationContext
2022-12-11 14:51:16.124  INFO 52453 --- [    Test worker] w.s.c.ServletWebServerApplicationContext : Root WebApplicationContext: initialization completed in 336 ms
2022-12-11 14:51:16.164  INFO 52453 --- [    Test worker] o.s.j.d.e.EmbeddedDatabaseFactory        : Starting embedded database: url='jdbc:h2:mem:e9979fd0-eb9e-462d-84e7-1c03dd73c634;DB_CLOSE_DELAY=-1;DB_CLOSE_ON_EXIT=false', username='sa'
2022-12-11 14:51:16.213  INFO 52453 --- [    Test worker] o.hibernate.jpa.internal.util.LogHelper  : HHH000204: Processing PersistenceUnitInfo [name: default]
2022-12-11 14:51:16.219  INFO 52453 --- [    Test worker] org.hibernate.dialect.Dialect            : HHH000400: Using dialect: org.hibernate.dialect.H2Dialect
2022-12-11 14:51:16.274  INFO 52453 --- [    Test worker] o.h.e.t.j.p.i.JtaPlatformInitiator       : HHH000490: Using JtaPlatform implementation: [org.hibernate.engine.transaction.jta.platform.internal.NoJtaPlatform]
2022-12-11 14:51:16.274  INFO 52453 --- [    Test worker] j.LocalContainerEntityManagerFactoryBean : Initialized JPA EntityManagerFactory for persistence unit 'default'
2022-12-11 14:51:16.429  WARN 52453 --- [    Test worker] JpaBaseConfiguration$JpaWebConfiguration : spring.jpa.open-in-view is enabled by default. Therefore, database queries may be performed during view rendering. Explicitly configure spring.jpa.open-in-view to disable this warning
2022-12-11 14:51:16.531  INFO 52453 --- [    Test worker] f.a.AutowiredAnnotationBeanPostProcessor : Autowired annotation is not supported on static fields: private static long com.kovospace.paster.item.mappings.dtoConversions.v2.ItemToFileItemUploadResponseDTOConversion.DEFAULT_CHUNK_SIZE
2022-12-11 14:51:16.581  INFO 52453 --- [    Test worker] .s.s.UserDetailsServiceAutoConfiguration : 

Using generated security password: ffd983a3-98bc-480b-b66a-a6b51013f9c6

2022-12-11 14:51:16.768  INFO 52453 --- [    Test worker] o.s.s.web.DefaultSecurityFilterChain     : Will secure any request with [org.springframework.security.web.context.request.async.WebAsyncManagerIntegrationFilter@17e33157, org.springframework.security.web.context.SecurityContextPersistenceFilter@5de6b8df, org.springframework.security.web.header.HeaderWriterFilter@427d5d9e, com.kovospace.paster.base.filters.SimpleCorsFilter@242c989d, org.springframework.web.filter.CorsFilter@2596686, org.springframework.security.web.authentication.logout.LogoutFilter@8371cf9, org.springframework.security.web.savedrequest.RequestCacheAwareFilter@2eee2668, org.springframework.security.web.servletapi.SecurityContextHolderAwareRequestFilter@6571f86, org.springframework.security.web.authentication.AnonymousAuthenticationFilter@5565c8e0, org.springframework.security.web.session.SessionManagementFilter@56460104, org.springframework.security.web.access.ExceptionTranslationFilter@154cc6e5, org.springframework.security.web.access.intercept.FilterSecurityInterceptor@269a032a]
2022-12-11 14:51:16.777  INFO 52453 --- [    Test worker] o.s.s.web.DefaultSecurityFilterChain     : Will secure any request with [org.springframework.security.web.context.request.async.WebAsyncManagerIntegrationFilter@758d4a9, org.springframework.security.web.context.SecurityContextPersistenceFilter@1a21e900, org.springframework.security.web.header.HeaderWriterFilter@2e79ec09, org.springframework.security.web.csrf.CsrfFilter@1f0a3e55, org.springframework.security.web.authentication.logout.LogoutFilter@7ed1e9fb, com.kovospace.paster.base.filters.ApiKeyAuthFilter@672f6dd4, org.springframework.security.web.savedrequest.RequestCacheAwareFilter@6240bd31, org.springframework.security.web.servletapi.SecurityContextHolderAwareRequestFilter@3380cd4, org.springframework.security.web.authentication.AnonymousAuthenticationFilter@3ffc22bd, org.springframework.security.web.session.SessionManagementFilter@54179d41, org.springframework.security.web.access.ExceptionTranslationFilter@3ca8963b, org.springframework.security.web.access.intercept.FilterSecurityInterceptor@494f6f85]
2022-12-11 14:51:16.778  INFO 52453 --- [    Test worker] o.s.s.web.DefaultSecurityFilterChain     : Will secure any request with [org.springframework.security.web.context.request.async.WebAsyncManagerIntegrationFilter@4d4e7250, org.springframework.security.web.context.SecurityContextPersistenceFilter@78b379f2, org.springframework.security.web.header.HeaderWriterFilter@1f00145b, org.springframework.security.web.csrf.CsrfFilter@2615db1e, org.springframework.security.web.authentication.logout.LogoutFilter@54702212, com.kovospace.paster.base.filters.JwtAuthFilter@20ffb01a, org.springframework.security.web.savedrequest.RequestCacheAwareFilter@6cee7d84, org.springframework.security.web.servletapi.SecurityContextHolderAwareRequestFilter@73530e8e, org.springframework.security.web.authentication.AnonymousAuthenticationFilter@1ec11d76, org.springframework.security.web.session.SessionManagementFilter@707681c9, org.springframework.security.web.access.ExceptionTranslationFilter@5258c232, org.springframework.security.web.access.intercept.FilterSecurityInterceptor@2d57b8f]
2022-12-11 14:51:17.016  INFO 52453 --- [    Test worker] o.a.c.c.C.[Tomcat-1].[localhost].[/]     : Initializing Spring TestDispatcherServlet ''
2022-12-11 14:51:17.017  INFO 52453 --- [    Test worker] o.s.t.web.servlet.TestDispatcherServlet  : Initializing Servlet ''
2022-12-11 14:51:17.017  INFO 52453 --- [    Test worker] o.s.t.web.servlet.TestDispatcherServlet  : Completed initialization in 0 ms
2022-12-11 14:51:17.035  INFO 52453 --- [    Test worker] o.s.b.w.embedded.tomcat.TomcatWebServer  : Tomcat started on port(s): 32989 (http) with context path ''
2022-12-11 14:51:17.038  INFO 52453 --- [    Test worker] c.k.p.i.v.i.FileItemControllerAddTest    : Started FileItemControllerAddTest in 1.272 seconds (JVM running for 97.71)
cors filter called
localeeeeeeee
API key filter called
http://localhost/api/v2/board/file
API key filter - ipAddress: 127.0.0.1
API key filter - continue filterChain
JWT token filter called
cors filter called
localeeeeeeee
API key filter called
http://localhost/api/v2/board/item/1
API key filter - ipAddress: 127.0.0.1
API key filter - continue filterChain
JWT token filter called
2022-12-11 14:51:17.292  INFO 52453 --- [    Test worker] j.LocalContainerEntityManagerFactoryBean : Closing JPA EntityManagerFactory for persistence unit 'default'
2022-12-11 14:51:17.292  INFO 52453 --- [    Test worker] .SchemaDropperImpl$DelayedDropActionImpl : HHH000477: Starting delayed evictData of schema as part of SessionFactory shut-down'

  .   ____          _            __ _ _
 /\\ / ___'_ __ _ _(_)_ __  __ _ \ \ \ \
( ( )\___ | '_ | '_| | '_ \/ _` | \ \ \ \
 \\/  ___)| |_)| | | | | || (_| |  ) ) ) )
  '  |____| .__|_| |_|_| |_\__, | / / / /
 =========|_|==============|___/=/_/_/_/
 :: Spring Boot ::                (v2.5.4)

2022-12-11 14:51:17.314  INFO 52453 --- [    Test worker] c.k.p.i.v.i.FileItemControllerAddTest    : Starting FileItemControllerAddTest using Java 14.0.2 on kovo-flex5 with PID 52453 (started by matej in /home/matej/Dokumenty/PROJEKTY GitHub/paster-backend)
2022-12-11 14:51:17.315  INFO 52453 --- [    Test worker] c.k.p.i.v.i.FileItemControllerAddTest    : No active profile set, falling back to default profiles: default
2022-12-11 14:51:17.465  INFO 52453 --- [    Test worker] .s.d.r.c.RepositoryConfigurationDelegate : Bootstrapping Spring Data JPA repositories in DEFAULT mode.
2022-12-11 14:51:17.491  INFO 52453 --- [    Test worker] .s.d.r.c.RepositoryConfigurationDelegate : Finished Spring Data repository scanning in 25 ms. Found 5 JPA repository interfaces.
2022-12-11 14:51:17.518  INFO 52453 --- [    Test worker] beddedDataSourceBeanFactoryPostProcessor : Replacing 'dataSource' DataSource bean with embedded version
2022-12-11 14:51:17.634  INFO 52453 --- [    Test worker] o.s.b.w.embedded.tomcat.TomcatWebServer  : Tomcat initialized with port(s): 0 (http)
2022-12-11 14:51:17.635  INFO 52453 --- [    Test worker] o.apache.catalina.core.StandardService   : Starting service [Tomcat]
2022-12-11 14:51:17.635  INFO 52453 --- [    Test worker] org.apache.catalina.core.StandardEngine  : Starting Servlet engine: [Apache Tomcat/9.0.52]
2022-12-11 14:51:17.652  INFO 52453 --- [    Test worker] o.a.c.c.C.[Tomcat-1].[localhost].[/]     : Initializing Spring embedded WebApplicationContext
2022-12-11 14:51:17.652  INFO 52453 --- [    Test worker] w.s.c.ServletWebServerApplicationContext : Root WebApplicationContext: initialization completed in 335 ms
2022-12-11 14:51:17.699  INFO 52453 --- [    Test worker] o.s.j.d.e.EmbeddedDatabaseFactory        : Starting embedded database: url='jdbc:h2:mem:75a3f372-4a56-476a-98b4-15167acc0cae;DB_CLOSE_DELAY=-1;DB_CLOSE_ON_EXIT=false', username='sa'
2022-12-11 14:51:17.749  INFO 52453 --- [    Test worker] o.hibernate.jpa.internal.util.LogHelper  : HHH000204: Processing PersistenceUnitInfo [name: default]
2022-12-11 14:51:17.755  INFO 52453 --- [    Test worker] org.hibernate.dialect.Dialect            : HHH000400: Using dialect: org.hibernate.dialect.H2Dialect
2022-12-11 14:51:17.810  INFO 52453 --- [    Test worker] o.h.e.t.j.p.i.JtaPlatformInitiator       : HHH000490: Using JtaPlatform implementation: [org.hibernate.engine.transaction.jta.platform.internal.NoJtaPlatform]
2022-12-11 14:51:17.810  INFO 52453 --- [    Test worker] j.LocalContainerEntityManagerFactoryBean : Initialized JPA EntityManagerFactory for persistence unit 'default'
2022-12-11 14:51:17.966  WARN 52453 --- [    Test worker] JpaBaseConfiguration$JpaWebConfiguration : spring.jpa.open-in-view is enabled by default. Therefore, database queries may be performed during view rendering. Explicitly configure spring.jpa.open-in-view to disable this warning
2022-12-11 14:51:18.073  INFO 52453 --- [    Test worker] f.a.AutowiredAnnotationBeanPostProcessor : Autowired annotation is not supported on static fields: private static long com.kovospace.paster.item.mappings.dtoConversions.v2.ItemToFileItemUploadResponseDTOConversion.DEFAULT_CHUNK_SIZE
2022-12-11 14:51:18.125  INFO 52453 --- [    Test worker] .s.s.UserDetailsServiceAutoConfiguration : 

Using generated security password: 33ea8649-f5ff-4c98-9bcb-091fb0436425

2022-12-11 14:51:18.305  INFO 52453 --- [    Test worker] o.s.s.web.DefaultSecurityFilterChain     : Will secure any request with [org.springframework.security.web.context.request.async.WebAsyncManagerIntegrationFilter@7f1a6763, org.springframework.security.web.context.SecurityContextPersistenceFilter@53db343e, org.springframework.security.web.header.HeaderWriterFilter@4f577ff, com.kovospace.paster.base.filters.SimpleCorsFilter@6178789c, org.springframework.web.filter.CorsFilter@4d0d2c28, org.springframework.security.web.authentication.logout.LogoutFilter@1cb50622, org.springframework.security.web.savedrequest.RequestCacheAwareFilter@6ecc8af7, org.springframework.security.web.servletapi.SecurityContextHolderAwareRequestFilter@41a9525e, org.springframework.security.web.authentication.AnonymousAuthenticationFilter@59c66bd1, org.springframework.security.web.session.SessionManagementFilter@65e65bb0, org.springframework.security.web.access.ExceptionTranslationFilter@665b6e3c, org.springframework.security.web.access.intercept.FilterSecurityInterceptor@16db84eb]
2022-12-11 14:51:18.314  INFO 52453 --- [    Test worker] o.s.s.web.DefaultSecurityFilterChain     : Will secure any request with [org.springframework.security.web.context.request.async.WebAsyncManagerIntegrationFilter@49e50ba1, org.springframework.security.web.context.SecurityContextPersistenceFilter@4ea6bdb6, org.springframework.security.web.header.HeaderWriterFilter@37ef4351, org.springframework.security.web.csrf.CsrfFilter@71477343, org.springframework.security.web.authentication.logout.LogoutFilter@11d6117d, com.kovospace.paster.base.filters.ApiKeyAuthFilter@79e6fd24, org.springframework.security.web.savedrequest.RequestCacheAwareFilter@2bbb5f74, org.springframework.security.web.servletapi.SecurityContextHolderAwareRequestFilter@66836499, org.springframework.security.web.authentication.AnonymousAuthenticationFilter@30cdd3df, org.springframework.security.web.session.SessionManagementFilter@4311b18, org.springframework.security.web.access.ExceptionTranslationFilter@60a0ab15, org.springframework.security.web.access.intercept.FilterSecurityInterceptor@39f7ed79]
2022-12-11 14:51:18.315  INFO 52453 --- [    Test worker] o.s.s.web.DefaultSecurityFilterChain     : Will secure any request with [org.springframework.security.web.context.request.async.WebAsyncManagerIntegrationFilter@33cc78a0, org.springframework.security.web.context.SecurityContextPersistenceFilter@52e91d18, org.springframework.security.web.header.HeaderWriterFilter@677c8284, org.springframework.security.web.csrf.CsrfFilter@34f22270, org.springframework.security.web.authentication.logout.LogoutFilter@7b1c3aab, com.kovospace.paster.base.filters.JwtAuthFilter@50614cb, org.springframework.security.web.savedrequest.RequestCacheAwareFilter@7fdda482, org.springframework.security.web.servletapi.SecurityContextHolderAwareRequestFilter@7cb6615f, org.springframework.security.web.authentication.AnonymousAuthenticationFilter@776db81d, org.springframework.security.web.session.SessionManagementFilter@77ad503f, org.springframework.security.web.access.ExceptionTranslationFilter@5b0ed2fd, org.springframework.security.web.access.intercept.FilterSecurityInterceptor@30e92788]
2022-12-11 14:51:18.562  INFO 52453 --- [    Test worker] o.a.c.c.C.[Tomcat-1].[localhost].[/]     : Initializing Spring TestDispatcherServlet ''
2022-12-11 14:51:18.562  INFO 52453 --- [    Test worker] o.s.t.web.servlet.TestDispatcherServlet  : Initializing Servlet ''
2022-12-11 14:51:18.563  INFO 52453 --- [    Test worker] o.s.t.web.servlet.TestDispatcherServlet  : Completed initialization in 1 ms
2022-12-11 14:51:18.580  INFO 52453 --- [    Test worker] o.s.b.w.embedded.tomcat.TomcatWebServer  : Tomcat started on port(s): 40659 (http) with context path ''
2022-12-11 14:51:18.583  INFO 52453 --- [    Test worker] c.k.p.i.v.i.FileItemControllerAddTest    : Started FileItemControllerAddTest in 1.287 seconds (JVM running for 99.254)
cors filter called
localeeeeeeee
API key filter called
http://localhost/api/v2/board/file
API key filter - ipAddress: 127.0.0.1
API key filter - continue filterChain
JWT token filter called
cors filter called
localeeeeeeee
API key filter called
http://localhost/api/v2/board/item/1
API key filter - ipAddress: 127.0.0.1
API key filter - continue filterChain
JWT token filter called
2022-12-11 14:51:18.833  INFO 52453 --- [    Test worker] j.LocalContainerEntityManagerFactoryBean : Closing JPA EntityManagerFactory for persistence unit 'default'
2022-12-11 14:51:18.833  INFO 52453 --- [    Test worker] .SchemaDropperImpl$DelayedDropActionImpl : HHH000477: Starting delayed evictData of schema as part of SessionFactory shut-down'

  .   ____          _            __ _ _
 /\\ / ___'_ __ _ _(_)_ __  __ _ \ \ \ \
( ( )\___ | '_ | '_| | '_ \/ _` | \ \ \ \
 \\/  ___)| |_)| | | | | || (_| |  ) ) ) )
  '  |____| .__|_| |_|_| |_\__, | / / / /
 =========|_|==============|___/=/_/_/_/
 :: Spring Boot ::                (v2.5.4)

2022-12-11 14:51:18.855  INFO 52453 --- [    Test worker] c.k.p.i.v.i.FileItemControllerAddTest    : Starting FileItemControllerAddTest using Java 14.0.2 on kovo-flex5 with PID 52453 (started by matej in /home/matej/Dokumenty/PROJEKTY GitHub/paster-backend)
2022-12-11 14:51:18.856  INFO 52453 --- [    Test worker] c.k.p.i.v.i.FileItemControllerAddTest    : No active profile set, falling back to default profiles: default
2022-12-11 14:51:19.009  INFO 52453 --- [    Test worker] .s.d.r.c.RepositoryConfigurationDelegate : Bootstrapping Spring Data JPA repositories in DEFAULT mode.
2022-12-11 14:51:19.035  INFO 52453 --- [    Test worker] .s.d.r.c.RepositoryConfigurationDelegate : Finished Spring Data repository scanning in 25 ms. Found 5 JPA repository interfaces.
2022-12-11 14:51:19.060  INFO 52453 --- [    Test worker] beddedDataSourceBeanFactoryPostProcessor : Replacing 'dataSource' DataSource bean with embedded version
2022-12-11 14:51:19.178  INFO 52453 --- [    Test worker] o.s.b.w.embedded.tomcat.TomcatWebServer  : Tomcat initialized with port(s): 0 (http)
2022-12-11 14:51:19.178  INFO 52453 --- [    Test worker] o.apache.catalina.core.StandardService   : Starting service [Tomcat]
2022-12-11 14:51:19.178  INFO 52453 --- [    Test worker] org.apache.catalina.core.StandardEngine  : Starting Servlet engine: [Apache Tomcat/9.0.52]
2022-12-11 14:51:19.190  INFO 52453 --- [    Test worker] o.a.c.c.C.[Tomcat-1].[localhost].[/]     : Initializing Spring embedded WebApplicationContext
2022-12-11 14:51:19.190  INFO 52453 --- [    Test worker] w.s.c.ServletWebServerApplicationContext : Root WebApplicationContext: initialization completed in 332 ms
2022-12-11 14:51:19.231  INFO 52453 --- [    Test worker] o.s.j.d.e.EmbeddedDatabaseFactory        : Starting embedded database: url='jdbc:h2:mem:64d8f4fc-18ac-40bd-8b1d-5f559a9c1918;DB_CLOSE_DELAY=-1;DB_CLOSE_ON_EXIT=false', username='sa'
2022-12-11 14:51:19.282  INFO 52453 --- [    Test worker] o.hibernate.jpa.internal.util.LogHelper  : HHH000204: Processing PersistenceUnitInfo [name: default]
2022-12-11 14:51:19.288  INFO 52453 --- [    Test worker] org.hibernate.dialect.Dialect            : HHH000400: Using dialect: org.hibernate.dialect.H2Dialect
2022-12-11 14:51:19.343  INFO 52453 --- [    Test worker] o.h.e.t.j.p.i.JtaPlatformInitiator       : HHH000490: Using JtaPlatform implementation: [org.hibernate.engine.transaction.jta.platform.internal.NoJtaPlatform]
2022-12-11 14:51:19.343  INFO 52453 --- [    Test worker] j.LocalContainerEntityManagerFactoryBean : Initialized JPA EntityManagerFactory for persistence unit 'default'
2022-12-11 14:51:19.510  WARN 52453 --- [    Test worker] JpaBaseConfiguration$JpaWebConfiguration : spring.jpa.open-in-view is enabled by default. Therefore, database queries may be performed during view rendering. Explicitly configure spring.jpa.open-in-view to disable this warning
2022-12-11 14:51:19.613  INFO 52453 --- [    Test worker] f.a.AutowiredAnnotationBeanPostProcessor : Autowired annotation is not supported on static fields: private static long com.kovospace.paster.item.mappings.dtoConversions.v2.ItemToFileItemUploadResponseDTOConversion.DEFAULT_CHUNK_SIZE
2022-12-11 14:51:19.663  INFO 52453 --- [    Test worker] .s.s.UserDetailsServiceAutoConfiguration : 

Using generated security password: 7f4d669e-67b9-402f-a77a-17a7b82ccb2f

2022-12-11 14:51:19.838  INFO 52453 --- [    Test worker] o.s.s.web.DefaultSecurityFilterChain     : Will secure any request with [org.springframework.security.web.context.request.async.WebAsyncManagerIntegrationFilter@6c2f90cf, org.springframework.security.web.context.SecurityContextPersistenceFilter@573139cc, org.springframework.security.web.header.HeaderWriterFilter@41cb9058, com.kovospace.paster.base.filters.SimpleCorsFilter@3a107d4e, org.springframework.web.filter.CorsFilter@7ffb6dc3, org.springframework.security.web.authentication.logout.LogoutFilter@af6d184, org.springframework.security.web.savedrequest.RequestCacheAwareFilter@7c83beff, org.springframework.security.web.servletapi.SecurityContextHolderAwareRequestFilter@6157b867, org.springframework.security.web.authentication.AnonymousAuthenticationFilter@ca6c6f1, org.springframework.security.web.session.SessionManagementFilter@10d4bc2a, org.springframework.security.web.access.ExceptionTranslationFilter@77fb9c41, org.springframework.security.web.access.intercept.FilterSecurityInterceptor@32a7d630]
2022-12-11 14:51:19.847  INFO 52453 --- [    Test worker] o.s.s.web.DefaultSecurityFilterChain     : Will secure any request with [org.springframework.security.web.context.request.async.WebAsyncManagerIntegrationFilter@3873700c, org.springframework.security.web.context.SecurityContextPersistenceFilter@3073f149, org.springframework.security.web.header.HeaderWriterFilter@54f51041, org.springframework.security.web.csrf.CsrfFilter@e9ffdac, org.springframework.security.web.authentication.logout.LogoutFilter@37f80f96, com.kovospace.paster.base.filters.ApiKeyAuthFilter@451ee788, org.springframework.security.web.savedrequest.RequestCacheAwareFilter@2526d8db, org.springframework.security.web.servletapi.SecurityContextHolderAwareRequestFilter@592db326, org.springframework.security.web.authentication.AnonymousAuthenticationFilter@244a13f3, org.springframework.security.web.session.SessionManagementFilter@41f00646, org.springframework.security.web.access.ExceptionTranslationFilter@6afff7f3, org.springframework.security.web.access.intercept.FilterSecurityInterceptor@76e24b2c]
2022-12-11 14:51:19.848  INFO 52453 --- [    Test worker] o.s.s.web.DefaultSecurityFilterChain     : Will secure any request with [org.springframework.security.web.context.request.async.WebAsyncManagerIntegrationFilter@16c801cf, org.springframework.security.web.context.SecurityContextPersistenceFilter@34faf42, org.springframework.security.web.header.HeaderWriterFilter@7d72306e, org.springframework.security.web.csrf.CsrfFilter@65e3d473, org.springframework.security.web.authentication.logout.LogoutFilter@46cfe460, com.kovospace.paster.base.filters.JwtAuthFilter@2f0011a1, org.springframework.security.web.savedrequest.RequestCacheAwareFilter@9537677, org.springframework.security.web.servletapi.SecurityContextHolderAwareRequestFilter@65ced673, org.springframework.security.web.authentication.AnonymousAuthenticationFilter@5b16cafc, org.springframework.security.web.session.SessionManagementFilter@7874bc73, org.springframework.security.web.access.ExceptionTranslationFilter@5c2ac783, org.springframework.security.web.access.intercept.FilterSecurityInterceptor@5e9ffc3d]
2022-12-11 14:51:20.098  INFO 52453 --- [    Test worker] o.a.c.c.C.[Tomcat-1].[localhost].[/]     : Initializing Spring TestDispatcherServlet ''
2022-12-11 14:51:20.098  INFO 52453 --- [    Test worker] o.s.t.web.servlet.TestDispatcherServlet  : Initializing Servlet ''
2022-12-11 14:51:20.099  INFO 52453 --- [    Test worker] o.s.t.web.servlet.TestDispatcherServlet  : Completed initialization in 1 ms
2022-12-11 14:51:20.116  INFO 52453 --- [    Test worker] o.s.b.w.embedded.tomcat.TomcatWebServer  : Tomcat started on port(s): 35259 (http) with context path ''
2022-12-11 14:51:20.119  INFO 52453 --- [    Test worker] c.k.p.i.v.i.FileItemControllerAddTest    : Started FileItemControllerAddTest in 1.282 seconds (JVM running for 100.79)
cors filter called
localeeeeeeee
API key filter called
http://localhost/api/v2/board/file
API key filter - ipAddress: 127.0.0.1
API key filter - continue filterChain
JWT token filter called
cors filter called
localeeeeeeee
API key filter called
http://localhost/api/v2/board/item/1
API key filter - ipAddress: 127.0.0.1
API key filter - continue filterChain
JWT token filter called
cors filter called
localeeeeeeee
API key filter called
http://localhost/api/v2/board/file
API key filter - ipAddress: 127.0.0.1
API key filter - continue filterChain
JWT token filter called
notify changes
1
[]
cors filter called
localeeeeeeee
API key filter called
http://localhost/api/v2/board/item/1
API key filter - ipAddress: 127.0.0.1
API key filter - continue filterChain
JWT token filter called
2022-12-11 14:51:20.411  INFO 52453 --- [    Test worker] j.LocalContainerEntityManagerFactoryBean : Closing JPA EntityManagerFactory for persistence unit 'default'
2022-12-11 14:51:20.411  INFO 52453 --- [    Test worker] .SchemaDropperImpl$DelayedDropActionImpl : HHH000477: Starting delayed evictData of schema as part of SessionFactory shut-down'

  .   ____          _            __ _ _
 /\\ / ___'_ __ _ _(_)_ __  __ _ \ \ \ \
( ( )\___ | '_ | '_| | '_ \/ _` | \ \ \ \
 \\/  ___)| |_)| | | | | || (_| |  ) ) ) )
  '  |____| .__|_| |_|_| |_\__, | / / / /
 =========|_|==============|___/=/_/_/_/
 :: Spring Boot ::                (v2.5.4)

2022-12-11 14:51:20.433  INFO 52453 --- [    Test worker] c.k.p.i.v.i.FileItemControllerAddTest    : Starting FileItemControllerAddTest using Java 14.0.2 on kovo-flex5 with PID 52453 (started by matej in /home/matej/Dokumenty/PROJEKTY GitHub/paster-backend)
2022-12-11 14:51:20.433  INFO 52453 --- [    Test worker] c.k.p.i.v.i.FileItemControllerAddTest    : No active profile set, falling back to default profiles: default
2022-12-11 14:51:20.584  INFO 52453 --- [    Test worker] .s.d.r.c.RepositoryConfigurationDelegate : Bootstrapping Spring Data JPA repositories in DEFAULT mode.
2022-12-11 14:51:20.609  INFO 52453 --- [    Test worker] .s.d.r.c.RepositoryConfigurationDelegate : Finished Spring Data repository scanning in 24 ms. Found 5 JPA repository interfaces.
2022-12-11 14:51:20.633  INFO 52453 --- [    Test worker] beddedDataSourceBeanFactoryPostProcessor : Replacing 'dataSource' DataSource bean with embedded version
2022-12-11 14:51:20.750  INFO 52453 --- [    Test worker] o.s.b.w.embedded.tomcat.TomcatWebServer  : Tomcat initialized with port(s): 0 (http)
2022-12-11 14:51:20.751  INFO 52453 --- [    Test worker] o.apache.catalina.core.StandardService   : Starting service [Tomcat]
2022-12-11 14:51:20.751  INFO 52453 --- [    Test worker] org.apache.catalina.core.StandardEngine  : Starting Servlet engine: [Apache Tomcat/9.0.52]
2022-12-11 14:51:20.768  INFO 52453 --- [    Test worker] o.a.c.c.C.[Tomcat-1].[localhost].[/]     : Initializing Spring embedded WebApplicationContext
2022-12-11 14:51:20.768  INFO 52453 --- [    Test worker] w.s.c.ServletWebServerApplicationContext : Root WebApplicationContext: initialization completed in 333 ms
2022-12-11 14:51:20.808  INFO 52453 --- [    Test worker] o.s.j.d.e.EmbeddedDatabaseFactory        : Starting embedded database: url='jdbc:h2:mem:5452cb84-879d-4287-8809-ed1a12683d17;DB_CLOSE_DELAY=-1;DB_CLOSE_ON_EXIT=false', username='sa'
2022-12-11 14:51:20.858  INFO 52453 --- [    Test worker] o.hibernate.jpa.internal.util.LogHelper  : HHH000204: Processing PersistenceUnitInfo [name: default]
2022-12-11 14:51:20.865  INFO 52453 --- [    Test worker] org.hibernate.dialect.Dialect            : HHH000400: Using dialect: org.hibernate.dialect.H2Dialect
2022-12-11 14:51:20.918  INFO 52453 --- [    Test worker] o.h.e.t.j.p.i.JtaPlatformInitiator       : HHH000490: Using JtaPlatform implementation: [org.hibernate.engine.transaction.jta.platform.internal.NoJtaPlatform]
2022-12-11 14:51:20.919  INFO 52453 --- [    Test worker] j.LocalContainerEntityManagerFactoryBean : Initialized JPA EntityManagerFactory for persistence unit 'default'
2022-12-11 14:51:21.091  WARN 52453 --- [    Test worker] JpaBaseConfiguration$JpaWebConfiguration : spring.jpa.open-in-view is enabled by default. Therefore, database queries may be performed during view rendering. Explicitly configure spring.jpa.open-in-view to disable this warning
2022-12-11 14:51:21.193  INFO 52453 --- [    Test worker] f.a.AutowiredAnnotationBeanPostProcessor : Autowired annotation is not supported on static fields: private static long com.kovospace.paster.item.mappings.dtoConversions.v2.ItemToFileItemUploadResponseDTOConversion.DEFAULT_CHUNK_SIZE
2022-12-11 14:51:21.244  INFO 52453 --- [    Test worker] .s.s.UserDetailsServiceAutoConfiguration : 

Using generated security password: e89e76fd-315b-493d-a564-e14c3e8f0d18

2022-12-11 14:51:21.420  INFO 52453 --- [    Test worker] o.s.s.web.DefaultSecurityFilterChain     : Will secure any request with [org.springframework.security.web.context.request.async.WebAsyncManagerIntegrationFilter@62502f0a, org.springframework.security.web.context.SecurityContextPersistenceFilter@454cd930, org.springframework.security.web.header.HeaderWriterFilter@3e8273ed, com.kovospace.paster.base.filters.SimpleCorsFilter@4d216af, org.springframework.web.filter.CorsFilter@26089726, org.springframework.security.web.authentication.logout.LogoutFilter@3fcb5e8c, org.springframework.security.web.savedrequest.RequestCacheAwareFilter@313191ac, org.springframework.security.web.servletapi.SecurityContextHolderAwareRequestFilter@1c01917c, org.springframework.security.web.authentication.AnonymousAuthenticationFilter@5bf0ac72, org.springframework.security.web.session.SessionManagementFilter@19d337eb, org.springframework.security.web.access.ExceptionTranslationFilter@4146b9ec, org.springframework.security.web.access.intercept.FilterSecurityInterceptor@37cbd8a7]
2022-12-11 14:51:21.428  INFO 52453 --- [    Test worker] o.s.s.web.DefaultSecurityFilterChain     : Will secure any request with [org.springframework.security.web.context.request.async.WebAsyncManagerIntegrationFilter@58bad7af, org.springframework.security.web.context.SecurityContextPersistenceFilter@678edb3f, org.springframework.security.web.header.HeaderWriterFilter@54b9072d, org.springframework.security.web.csrf.CsrfFilter@6dc2bde9, org.springframework.security.web.authentication.logout.LogoutFilter@77e30d70, com.kovospace.paster.base.filters.ApiKeyAuthFilter@2062e1fd, org.springframework.security.web.savedrequest.RequestCacheAwareFilter@3d231461, org.springframework.security.web.servletapi.SecurityContextHolderAwareRequestFilter@213ffc87, org.springframework.security.web.authentication.AnonymousAuthenticationFilter@2c7f2389, org.springframework.security.web.session.SessionManagementFilter@1fdb10d8, org.springframework.security.web.access.ExceptionTranslationFilter@6597fc0b, org.springframework.security.web.access.intercept.FilterSecurityInterceptor@483e0008]
[...]
2022-12-11 14:51:26.125  INFO 52453 --- [    Test worker] o.s.s.web.DefaultSecurityFilterChain     : Will secure any request with [org.springframework.security.web.context.request.async.WebAsyncManagerIntegrationFilter@5baf4b6b, org.springframework.security.web.context.SecurityContextPersistenceFilter@1455b7df, org.springframework.security.web.header.HeaderWriterFilter@43f45d0c, org.springframework.security.web.csrf.CsrfFilter@ea5db8c, org.springframework.security.web.authentication.logout.LogoutFilter@4b2b27d1, com.kovospace.paster.base.filters.JwtAuthFilter@4e7529f5, org.springframework.security.web.savedrequest.RequestCacheAwareFilter@44449c42, org.springframework.security.web.servletapi.SecurityContextHolderAwareRequestFilter@2539a5fb, org.springframework.security.web.authentication.AnonymousAuthenticationFilter@42602ab2, org.springframework.security.web.session.SessionManagementFilter@340c6369, org.springframework.security.web.access.ExceptionTranslationFilter@4042006f, org.springframework.security.web.access.intercept.FilterSecurityInterceptor@6df8d4ee]
2022-12-11 14:51:26.359  INFO 52453 --- [    Test worker] o.a.c.c.C.[Tomcat-1].[localhost].[/]     : Initializing Spring TestDispatcherServlet ''
2022-12-11 14:51:26.359  INFO 52453 --- [    Test worker] o.s.t.web.servlet.TestDispatcherServlet  : Initializing Servlet ''
2022-12-11 14:51:26.360  INFO 52453 --- [    Test worker] o.s.t.web.servlet.TestDispatcherServlet  : Completed initialization in 1 ms
2022-12-11 14:51:26.377  INFO 52453 --- [    Test worker] o.s.b.w.embedded.tomcat.TomcatWebServer  : Tomcat started on port(s): 32897 (http) with context path ''
2022-12-11 14:51:26.380  INFO 52453 --- [    Test worker] c.k.p.i.v.i.FileItemControllerAddTest    : Started FileItemControllerAddTest in 1.249 seconds (JVM running for 107.051)
cors filter called
localeeeeeeee
API key filter called
http://localhost/api/v2/board/file
API key filter - ipAddress: 127.0.0.1
API key filter - continue filterChain
JWT token filter called
cors filter called
localeeeeeeee
API key filter called
http://localhost/api/v2/board/file
API key filter - ipAddress: 127.0.0.1
API key filter - continue filterChain
JWT token filter called
cors filter called
localeeeeeeee
API key filter called
http://localhost/api/v2/board/item/1
API key filter - ipAddress: 127.0.0.1
API key filter - continue filterChain
JWT token filter called
2022-12-11 14:51:26.664  INFO 52453 --- [    Test worker] j.LocalContainerEntityManagerFactoryBean : Closing JPA EntityManagerFactory for persistence unit 'default'
2022-12-11 14:51:26.664  INFO 52453 --- [    Test worker] .SchemaDropperImpl$DelayedDropActionImpl : HHH000477: Starting delayed evictData of schema as part of SessionFactory shut-down'

  .   ____          _            __ _ _
 /\\ / ___'_ __ _ _(_)_ __  __ _ \ \ \ \
( ( )\___ | '_ | '_| | '_ \/ _` | \ \ \ \
 \\/  ___)| |_)| | | | | || (_| |  ) ) ) )
  '  |____| .__|_| |_|_| |_\__, | / / / /
 =========|_|==============|___/=/_/_/_/
 :: Spring Boot ::                (v2.5.4)

2022-12-11 14:51:26.692  INFO 52453 --- [    Test worker] c.k.p.i.v.i.FileItemControllerAddTest    : Starting FileItemControllerAddTest using Java 14.0.2 on kovo-flex5 with PID 52453 (started by matej in /home/matej/Dokumenty/PROJEKTY GitHub/paster-backend)
2022-12-11 14:51:26.693  INFO 52453 --- [    Test worker] c.k.p.i.v.i.FileItemControllerAddTest    : No active profile set, falling back to default profiles: default
2022-12-11 14:51:26.840  INFO 52453 --- [    Test worker] .s.d.r.c.RepositoryConfigurationDelegate : Bootstrapping Spring Data JPA repositories in DEFAULT mode.
2022-12-11 14:51:26.865  INFO 52453 --- [    Test worker] .s.d.r.c.RepositoryConfigurationDelegate : Finished Spring Data repository scanning in 24 ms. Found 5 JPA repository interfaces.
2022-12-11 14:51:26.889  INFO 52453 --- [    Test worker] beddedDataSourceBeanFactoryPostProcessor : Replacing 'dataSource' DataSource bean with embedded version
2022-12-11 14:51:27.010  INFO 52453 --- [    Test worker] o.s.b.w.embedded.tomcat.TomcatWebServer  : Tomcat initialized with port(s): 0 (http)
2022-12-11 14:51:27.011  INFO 52453 --- [    Test worker] o.apache.catalina.core.StandardService   : Starting service [Tomcat]
2022-12-11 14:51:27.011  INFO 52453 --- [    Test worker] org.apache.catalina.core.StandardEngine  : Starting Servlet engine: [Apache Tomcat/9.0.52]
2022-12-11 14:51:27.023  INFO 52453 --- [    Test worker] o.a.c.c.C.[Tomcat-1].[localhost].[/]     : Initializing Spring embedded WebApplicationContext
2022-12-11 14:51:27.023  INFO 52453 --- [    Test worker] w.s.c.ServletWebServerApplicationContext : Root WebApplicationContext: initialization completed in 328 ms
2022-12-11 14:51:27.063  INFO 52453 --- [    Test worker] o.s.j.d.e.EmbeddedDatabaseFactory        : Starting embedded database: url='jdbc:h2:mem:8d33477c-12ae-4e17-8cce-b499d62f86c4;DB_CLOSE_DELAY=-1;DB_CLOSE_ON_EXIT=false', username='sa'
2022-12-11 14:51:27.114  INFO 52453 --- [    Test worker] o.hibernate.jpa.internal.util.LogHelper  : HHH000204: Processing PersistenceUnitInfo [name: default]
2022-12-11 14:51:27.120  INFO 52453 --- [    Test worker] org.hibernate.dialect.Dialect            : HHH000400: Using dialect: org.hibernate.dialect.H2Dialect
2022-12-11 14:51:27.173  INFO 52453 --- [    Test worker] o.h.e.t.j.p.i.JtaPlatformInitiator       : HHH000490: Using JtaPlatform implementation: [org.hibernate.engine.transaction.jta.platform.internal.NoJtaPlatform]
2022-12-11 14:51:27.173  INFO 52453 --- [    Test worker] j.LocalContainerEntityManagerFactoryBean : Initialized JPA EntityManagerFactory for persistence unit 'default'
2022-12-11 14:51:27.329  WARN 52453 --- [    Test worker] JpaBaseConfiguration$JpaWebConfiguration : spring.jpa.open-in-view is enabled by default. Therefore, database queries may be performed during view rendering. Explicitly configure spring.jpa.open-in-view to disable this warning
2022-12-11 14:51:27.441  INFO 52453 --- [    Test worker] f.a.AutowiredAnnotationBeanPostProcessor : Autowired annotation is not supported on static fields: private static long com.kovospace.paster.item.mappings.dtoConversions.v2.ItemToFileItemUploadResponseDTOConversion.DEFAULT_CHUNK_SIZE
2022-12-11 14:51:27.490  INFO 52453 --- [    Test worker] .s.s.UserDetailsServiceAutoConfiguration : 

Using generated security password: 6ed3c55f-500f-4204-81c9-9d04edecd1c1

2022-12-11 14:51:27.664  INFO 52453 --- [    Test worker] o.s.s.web.DefaultSecurityFilterChain     : Will secure any request with [org.springframework.security.web.context.request.async.WebAsyncManagerIntegrationFilter@394da009, org.springframework.security.web.context.SecurityContextPersistenceFilter@76ec7e14, org.springframework.security.web.header.HeaderWriterFilter@509621cc, com.kovospace.paster.base.filters.SimpleCorsFilter@32d19cac, org.springframework.web.filter.CorsFilter@5f76f0fd, org.springframework.security.web.authentication.logout.LogoutFilter@561cc4d5, org.springframework.security.web.savedrequest.RequestCacheAwareFilter@54415b4, org.springframework.security.web.servletapi.SecurityContextHolderAwareRequestFilter@643dcc91, org.springframework.security.web.authentication.AnonymousAuthenticationFilter@2cc1794c, org.springframework.security.web.session.SessionManagementFilter@338291aa, org.springframework.security.web.access.ExceptionTranslationFilter@1eeda6c3, org.springframework.security.web.access.intercept.FilterSecurityInterceptor@7bb9929f]
2022-12-11 14:51:27.672  INFO 52453 --- [    Test worker] o.s.s.web.DefaultSecurityFilterChain     : Will secure any request with [org.springframework.security.web.context.request.async.WebAsyncManagerIntegrationFilter@6745c630, org.springframework.security.web.context.SecurityContextPersistenceFilter@5e1d486d, org.springframework.security.web.header.HeaderWriterFilter@19c3283c, org.springframework.security.web.csrf.CsrfFilter@776b18, org.springframework.security.web.authentication.logout.LogoutFilter@394bc90a, com.kovospace.paster.base.filters.ApiKeyAuthFilter@59001696, org.springframework.security.web.savedrequest.RequestCacheAwareFilter@2682de40, org.springframework.security.web.servletapi.SecurityContextHolderAwareRequestFilter@26808064, org.springframework.security.web.authentication.AnonymousAuthenticationFilter@2fce76c7, org.springframework.security.web.session.SessionManagementFilter@6509c07f, org.springframework.security.web.access.ExceptionTranslationFilter@42b75a14, org.springframework.security.web.access.intercept.FilterSecurityInterceptor@1e847fba]
2022-12-11 14:51:27.673  INFO 52453 --- [    Test worker] o.s.s.web.DefaultSecurityFilterChain     : Will secure any request with [org.springframework.security.web.context.request.async.WebAsyncManagerIntegrationFilter@5c439897, org.springframework.security.web.context.SecurityContextPersistenceFilter@6ab6c5aa, org.springframework.security.web.header.HeaderWriterFilter@170b9fb1, org.springframework.security.web.csrf.CsrfFilter@cc034a4, org.springframework.security.web.authentication.logout.LogoutFilter@66e49e4e, com.kovospace.paster.base.filters.JwtAuthFilter@74959dd8, org.springframework.security.web.savedrequest.RequestCacheAwareFilter@639546b5, org.springframework.security.web.servletapi.SecurityContextHolderAwareRequestFilter@28a8ab61, org.springframework.security.web.authentication.AnonymousAuthenticationFilter@32a41909, org.springframework.security.web.session.SessionManagementFilter@67dea8e1, org.springframework.security.web.access.ExceptionTranslationFilter@4749dc7d, org.springframework.security.web.access.intercept.FilterSecurityInterceptor@20c08be0]
2022-12-11 14:51:27.908  INFO 52453 --- [    Test worker] o.a.c.c.C.[Tomcat-1].[localhost].[/]     : Initializing Spring TestDispatcherServlet ''
2022-12-11 14:51:27.909  INFO 52453 --- [    Test worker] o.s.t.web.servlet.TestDispatcherServlet  : Initializing Servlet ''
2022-12-11 14:51:27.909  INFO 52453 --- [    Test worker] o.s.t.web.servlet.TestDispatcherServlet  : Completed initialization in 0 ms
2022-12-11 14:51:27.926  INFO 52453 --- [    Test worker] o.s.b.w.embedded.tomcat.TomcatWebServer  : Tomcat started on port(s): 33941 (http) with context path ''
2022-12-11 14:51:27.930  INFO 52453 --- [    Test worker] c.k.p.i.v.i.FileItemControllerAddTest    : Started FileItemControllerAddTest in 1.262 seconds (JVM running for 108.601)
cors filter called
localeeeeeeee
API key filter called
http://localhost/api/v2/board/file
API key filter - ipAddress: 127.0.0.1
API key filter - continue filterChain
JWT token filter called
cors filter called
localeeeeeeee
API key filter called
http://localhost/api/v2/board/file
API key filter - ipAddress: 127.0.0.1
API key filter - continue filterChain
JWT token filter called
cors filter called
localeeeeeeee
API key filter called
http://localhost/api/v2/board/item/1
API key filter - ipAddress: 127.0.0.1
API key filter - continue filterChain
JWT token filter called
2022-12-11 14:51:28.211  INFO 52453 --- [    Test worker] j.LocalContainerEntityManagerFactoryBean : Closing JPA EntityManagerFactory for persistence unit 'default'
2022-12-11 14:51:28.211  INFO 52453 --- [    Test worker] .SchemaDropperImpl$DelayedDropActionImpl : HHH000477: Starting delayed evictData of schema as part of SessionFactory shut-down'

  .   ____          _            __ _ _
 /\\ / ___'_ __ _ _(_)_ __  __ _ \ \ \ \
( ( )\___ | '_ | '_| | '_ \/ _` | \ \ \ \
 \\/  ___)| |_)| | | | | || (_| |  ) ) ) )
  '  |____| .__|_| |_|_| |_\__, | / / / /
 =========|_|==============|___/=/_/_/_/
 :: Spring Boot ::                (v2.5.4)

2022-12-11 14:51:28.233  INFO 52453 --- [    Test worker] c.k.p.i.v.i.FileItemControllerAddTest    : Starting FileItemControllerAddTest using Java 14.0.2 on kovo-flex5 with PID 52453 (started by matej in /home/matej/Dokumenty/PROJEKTY GitHub/paster-backend)
2022-12-11 14:51:28.234  INFO 52453 --- [    Test worker] c.k.p.i.v.i.FileItemControllerAddTest    : No active profile set, falling back to default profiles: default
2022-12-11 14:51:28.402  INFO 52453 --- [    Test worker] .s.d.r.c.RepositoryConfigurationDelegate : Bootstrapping Spring Data JPA repositories in DEFAULT mode.
2022-12-11 14:51:28.428  INFO 52453 --- [    Test worker] .s.d.r.c.RepositoryConfigurationDelegate : Finished Spring Data repository scanning in 25 ms. Found 5 JPA repository interfaces.
2022-12-11 14:51:28.454  INFO 52453 --- [    Test worker] beddedDataSourceBeanFactoryPostProcessor : Replacing 'dataSource' DataSource bean with embedded version
2022-12-11 14:51:28.577  INFO 52453 --- [    Test worker] o.s.b.w.embedded.tomcat.TomcatWebServer  : Tomcat initialized with port(s): 0 (http)
2022-12-11 14:51:28.578  INFO 52453 --- [    Test worker] o.apache.catalina.core.StandardService   : Starting service [Tomcat]
2022-12-11 14:51:28.578  INFO 52453 --- [    Test worker] org.apache.catalina.core.StandardEngine  : Starting Servlet engine: [Apache Tomcat/9.0.52]
2022-12-11 14:51:28.591  INFO 52453 --- [    Test worker] o.a.c.c.C.[Tomcat-1].[localhost].[/]     : Initializing Spring embedded WebApplicationContext
2022-12-11 14:51:28.592  INFO 52453 --- [    Test worker] w.s.c.ServletWebServerApplicationContext : Root WebApplicationContext: initialization completed in 356 ms
2022-12-11 14:51:28.636  INFO 52453 --- [    Test worker] o.s.j.d.e.EmbeddedDatabaseFactory        : Starting embedded database: url='jdbc:h2:mem:61d844e6-3c81-4fc9-bcfa-c687b7ef5faf;DB_CLOSE_DELAY=-1;DB_CLOSE_ON_EXIT=false', username='sa'
2022-12-11 14:51:28.691  INFO 52453 --- [    Test worker] o.hibernate.jpa.internal.util.LogHelper  : HHH000204: Processing PersistenceUnitInfo [name: default]
2022-12-11 14:51:28.698  INFO 52453 --- [    Test worker] org.hibernate.dialect.Dialect            : HHH000400: Using dialect: org.hibernate.dialect.H2Dialect
2022-12-11 14:51:28.759  INFO 52453 --- [    Test worker] o.h.e.t.j.p.i.JtaPlatformInitiator       : HHH000490: Using JtaPlatform implementation: [org.hibernate.engine.transaction.jta.platform.internal.NoJtaPlatform]
2022-12-11 14:51:28.759  INFO 52453 --- [    Test worker] j.LocalContainerEntityManagerFactoryBean : Initialized JPA EntityManagerFactory for persistence unit 'default'
2022-12-11 14:51:28.927  WARN 52453 --- [    Test worker] JpaBaseConfiguration$JpaWebConfiguration : spring.jpa.open-in-view is enabled by default. Therefore, database queries may be performed during view rendering. Explicitly configure spring.jpa.open-in-view to disable this warning
2022-12-11 14:51:29.042  INFO 52453 --- [    Test worker] f.a.AutowiredAnnotationBeanPostProcessor : Autowired annotation is not supported on static fields: private static long com.kovospace.paster.item.mappings.dtoConversions.v2.ItemToFileItemUploadResponseDTOConversion.DEFAULT_CHUNK_SIZE
2022-12-11 14:51:29.097  INFO 52453 --- [    Test worker] .s.s.UserDetailsServiceAutoConfiguration : 

Using generated security password: c8706c5d-5213-4079-aaa9-893fcf41b38d

2022-12-11 14:51:29.272  INFO 52453 --- [    Test worker] o.s.s.web.DefaultSecurityFilterChain     : Will secure any request with [org.springframework.security.web.context.request.async.WebAsyncManagerIntegrationFilter@5c28eb7a, org.springframework.security.web.context.SecurityContextPersistenceFilter@b2453f5, org.springframework.security.web.header.HeaderWriterFilter@55d626d3, com.kovospace.paster.base.filters.SimpleCorsFilter@534da985, org.springframework.web.filter.CorsFilter@e3cbc19, org.springframework.security.web.authentication.logout.LogoutFilter@7f939e0f, org.springframework.security.web.savedrequest.RequestCacheAwareFilter@2121b7d3, org.springframework.security.web.servletapi.SecurityContextHolderAwareRequestFilter@45a5fd9a, org.springframework.security.web.authentication.AnonymousAuthenticationFilter@64c90ab0, org.springframework.security.web.session.SessionManagementFilter@31445e79, org.springframework.security.web.access.ExceptionTranslationFilter@52ff0a08, org.springframework.security.web.access.intercept.FilterSecurityInterceptor@1b2a77c5]
2022-12-11 14:51:29.280  INFO 52453 --- [    Test worker] o.s.s.web.DefaultSecurityFilterChain     : Will secure any request with [org.springframework.security.web.context.request.async.WebAsyncManagerIntegrationFilter@7fa8c05, org.springframework.security.web.context.SecurityContextPersistenceFilter@5d42988, org.springframework.security.web.header.HeaderWriterFilter@29257098, org.springframework.security.web.csrf.CsrfFilter@707a3351, org.springframework.security.web.authentication.logout.LogoutFilter@5e91c784, com.kovospace.paster.base.filters.ApiKeyAuthFilter@7bb46625, org.springframework.security.web.savedrequest.RequestCacheAwareFilter@7723ec5a, org.springframework.security.web.servletapi.SecurityContextHolderAwareRequestFilter@7580f396, org.springframework.security.web.authentication.AnonymousAuthenticationFilter@5d6cf5ee, org.springframework.security.web.session.SessionManagementFilter@249576f0, org.springframework.security.web.access.ExceptionTranslationFilter@728010b8, org.springframework.security.web.access.intercept.FilterSecurityInterceptor@741e6dcc]
2022-12-11 14:51:29.282  INFO 52453 --- [    Test worker] o.s.s.web.DefaultSecurityFilterChain     : Will secure any request with [org.springframework.security.web.context.request.async.WebAsyncManagerIntegrationFilter@712fec5e, org.springframework.security.web.context.SecurityContextPersistenceFilter@1fb54449, org.springframework.security.web.header.HeaderWriterFilter@6f667e6e, org.springframework.security.web.csrf.CsrfFilter@53fe0e7d, org.springframework.security.web.authentication.logout.LogoutFilter@b0afc75, com.kovospace.paster.base.filters.JwtAuthFilter@41d0564, org.springframework.security.web.savedrequest.RequestCacheAwareFilter@7dd09ed, org.springframework.security.web.servletapi.SecurityContextHolderAwareRequestFilter@5b948276, org.springframework.security.web.authentication.AnonymousAuthenticationFilter@2e005254, org.springframework.security.web.session.SessionManagementFilter@3c1b2851, org.springframework.security.web.access.ExceptionTranslationFilter@2607deec, org.springframework.security.web.access.intercept.FilterSecurityInterceptor@829c0fd]
2022-12-11 14:51:29.522  INFO 52453 --- [    Test worker] o.a.c.c.C.[Tomcat-1].[localhost].[/]     : Initializing Spring TestDispatcherServlet ''
2022-12-11 14:51:29.522  INFO 52453 --- [    Test worker] o.s.t.web.servlet.TestDispatcherServlet  : Initializing Servlet ''
2022-12-11 14:51:29.523  INFO 52453 --- [    Test worker] o.s.t.web.servlet.TestDispatcherServlet  : Completed initialization in 1 ms
2022-12-11 14:51:29.540  INFO 52453 --- [    Test worker] o.s.b.w.embedded.tomcat.TomcatWebServer  : Tomcat started on port(s): 42833 (http) with context path ''
2022-12-11 14:51:29.543  INFO 52453 --- [    Test worker] c.k.p.i.v.i.FileItemControllerAddTest    : Started FileItemControllerAddTest in 1.329 seconds (JVM running for 110.215)
cors filter called
localeeeeeeee
API key filter called
http://localhost/api/v2/board/file
API key filter - ipAddress: 127.0.0.1
API key filter - continue filterChain
JWT token filter called
cors filter called
localeeeeeeee
API key filter called
http://localhost/api/v2/board/file
API key filter - ipAddress: 127.0.0.1
API key filter - continue filterChain
JWT token filter called
cors filter called
localeeeeeeee
API key filter called
http://localhost/api/v2/board/item/1
API key filter - ipAddress: 127.0.0.1
API key filter - continue filterChain
JWT token filter called
2022-12-11 14:51:29.819  INFO 52453 --- [    Test worker] j.LocalContainerEntityManagerFactoryBean : Closing JPA EntityManagerFactory for persistence unit 'default'
2022-12-11 14:51:29.820  INFO 52453 --- [    Test worker] .SchemaDropperImpl$DelayedDropActionImpl : HHH000477: Starting delayed evictData of schema as part of SessionFactory shut-down'
]]></system-out>
  <system-err><![CDATA[]]></system-err>
</testsuite>
